2022-04-28 14:55:22,959 INFO  [30244-6] DisplayInfo  DisplayInformation.GetDisplayMonitorsAsync() 获取到设备数量：1  D:\yuanx\C#\PCDeviceManage\PCDeviceManage\Monitor\DisplayInfo.cs(63行)
2022-04-28 14:55:22,960 INFO  [30244-6] DisplayInfo  [{"DeviceInstanceId":"DISPLAY\\CSO1609\\5&14475071&0&UID4357","DisplayName":"","IsInternal":true,"ConnectionDescription":"Internal","PhysicalSize":16.0043125}]  D:\yuanx\C#\PCDeviceManage\PCDeviceManage\Monitor\DisplayInfo.cs(65行)
2022-04-28 14:55:22,961 INFO  [30244-6] DisplayInfoGet   DisplayInfo.GetDisplayMonitorsAsync()获取到显示器数量：1  D:\yuanx\C#\PCDeviceManage\PCDeviceManage\Monitor\DisplayInfoGet.cs(48行)
2022-04-28 14:55:22,966 INFO  [30244-6] DisplayContext  EnumerateDevices() 开始获取显示器枚举信息  D:\yuanx\C#\PCDeviceManage\PCDeviceManage\Monitor\DisplayContext.cs(73行)
2022-04-28 14:55:22,966 INFO  [30244-6] DisplayContext  EnumDisplayDevices() 获取到设备枚举信息 displayName:\\.\DISPLAY1  D:\yuanx\C#\PCDeviceManage\PCDeviceManage\Monitor\DisplayContext.cs(77行)
2022-04-28 14:55:22,967 INFO  [30244-6] DisplayContext  TryGetDisplayIndex() 获取到设备序号 displayIndex:1  D:\yuanx\C#\PCDeviceManage\PCDeviceManage\Monitor\DisplayContext.cs(85行)
2022-04-28 14:55:22,968 INFO  [30244-6] DisplayContext  EnumDisplayDevices() 获取到设备枚举信息 displayName:\\.\DISPLAY2  D:\yuanx\C#\PCDeviceManage\PCDeviceManage\Monitor\DisplayContext.cs(77行)
2022-04-28 14:55:22,968 INFO  [30244-6] DisplayContext  TryGetDisplayIndex() 获取到设备序号 displayIndex:2  D:\yuanx\C#\PCDeviceManage\PCDeviceManage\Monitor\DisplayContext.cs(85行)
2022-04-28 14:55:22,969 INFO  [30244-6] DisplayContext  EnumDisplayDevices() 获取到设备枚举信息 displayName:\\.\DISPLAY3  D:\yuanx\C#\PCDeviceManage\PCDeviceManage\Monitor\DisplayContext.cs(77行)
2022-04-28 14:55:22,969 INFO  [30244-6] DisplayContext  TryGetDisplayIndex() 获取到设备序号 displayIndex:3  D:\yuanx\C#\PCDeviceManage\PCDeviceManage\Monitor\DisplayContext.cs(85行)
2022-04-28 14:55:22,970 INFO  [30244-6] DisplayContext  EnumDisplayDevices() 获取到设备枚举信息 displayName:\\.\DISPLAY4  D:\yuanx\C#\PCDeviceManage\PCDeviceManage\Monitor\DisplayContext.cs(77行)
2022-04-28 14:55:22,971 INFO  [30244-6] DisplayContext  TryGetDisplayIndex() 获取到设备序号 displayIndex:4  D:\yuanx\C#\PCDeviceManage\PCDeviceManage\Monitor\DisplayContext.cs(85行)
2022-04-28 14:55:22,971 INFO  [30244-6] DisplayInfoGet  [{"DeviceInstanceId":"DISPLAY\\CSO1609\\5&14475071&0&UID4357","Description":"Lenovo DisplayHDR","DisplayIndex":1,"MonitorIndex":0}]  D:\yuanx\C#\PCDeviceManage\PCDeviceManage\Monitor\DisplayInfoGet.cs(52行)
2022-04-28 14:55:22,972 INFO  [30244-6] DisplayInfoGet  GetDisplayList()获取到显示器数量：1  D:\yuanx\C#\PCDeviceManage\PCDeviceManage\Monitor\DisplayInfoGet.cs(89行)
2022-04-28 14:55:24,337 INFO  [30244-6] DisplayManage  修改内屏亮度为：91  D:\yuanx\C#\PCDeviceManage\PCDeviceManage\Manage\DisplayManage.cs(40行)
2022-04-28 14:55:24,455 INFO  [30244-6] DisplayManage  修改内屏亮度为：90  D:\yuanx\C#\PCDeviceManage\PCDeviceManage\Manage\DisplayManage.cs(40行)
2022-04-28 14:55:24,543 INFO  [30244-52] DisplayManage  修改内屏亮度为：88  D:\yuanx\C#\PCDeviceManage\PCDeviceManage\Manage\DisplayManage.cs(40行)
2022-04-28 14:55:24,622 INFO  [30244-52] DisplayManage  修改内屏亮度为：86  D:\yuanx\C#\PCDeviceManage\PCDeviceManage\Manage\DisplayManage.cs(40行)
2022-04-28 14:55:24,699 INFO  [30244-52] DisplayManage  修改内屏亮度为：85  D:\yuanx\C#\PCDeviceManage\PCDeviceManage\Manage\DisplayManage.cs(40行)
2022-04-28 14:55:24,776 INFO  [30244-52] DisplayManage  修改内屏亮度为：83  D:\yuanx\C#\PCDeviceManage\PCDeviceManage\Manage\DisplayManage.cs(40行)
2022-04-28 14:55:24,851 INFO  [30244-52] DisplayManage  修改内屏亮度为：79  D:\yuanx\C#\PCDeviceManage\PCDeviceManage\Manage\DisplayManage.cs(40行)
2022-04-28 14:55:25,012 INFO  [30244-52] DisplayManage  修改内屏亮度为：66  D:\yuanx\C#\PCDeviceManage\PCDeviceManage\Manage\DisplayManage.cs(40行)
2022-04-28 14:55:25,121 INFO  [30244-50] DisplayManage  修改内屏亮度为：56  D:\yuanx\C#\PCDeviceManage\PCDeviceManage\Manage\DisplayManage.cs(40行)
2022-04-28 14:55:25,273 INFO  [30244-50] DisplayManage  修改内屏亮度为：45  D:\yuanx\C#\PCDeviceManage\PCDeviceManage\Manage\DisplayManage.cs(40行)
2022-04-28 14:55:25,406 INFO  [30244-50] DisplayManage  修改内屏亮度为：44  D:\yuanx\C#\PCDeviceManage\PCDeviceManage\Manage\DisplayManage.cs(40行)
2022-04-28 14:55:25,481 INFO  [30244-50] DisplayManage  修改内屏亮度为：39  D:\yuanx\C#\PCDeviceManage\PCDeviceManage\Manage\DisplayManage.cs(40行)
2022-04-28 14:55:25,562 INFO  [30244-50] DisplayManage  修改内屏亮度为：37  D:\yuanx\C#\PCDeviceManage\PCDeviceManage\Manage\DisplayManage.cs(40行)
2022-04-28 14:55:26,105 INFO  [30244-50] DisplayManage  修改内屏亮度为：38  D:\yuanx\C#\PCDeviceManage\PCDeviceManage\Manage\DisplayManage.cs(40行)
2022-04-28 14:55:26,181 INFO  [30244-50] DisplayManage  修改内屏亮度为：47  D:\yuanx\C#\PCDeviceManage\PCDeviceManage\Manage\DisplayManage.cs(40行)
2022-04-28 14:55:26,270 INFO  [30244-50] DisplayManage  修改内屏亮度为：57  D:\yuanx\C#\PCDeviceManage\PCDeviceManage\Manage\DisplayManage.cs(40行)
2022-04-28 14:55:26,375 INFO  [30244-50] DisplayManage  修改内屏亮度为：64  D:\yuanx\C#\PCDeviceManage\PCDeviceManage\Manage\DisplayManage.cs(40行)
2022-04-28 14:55:26,485 INFO  [30244-51] DisplayManage  修改内屏亮度为：68  D:\yuanx\C#\PCDeviceManage\PCDeviceManage\Manage\DisplayManage.cs(40行)
2022-04-28 14:55:26,579 INFO  [30244-51] DisplayManage  修改内屏亮度为：71  D:\yuanx\C#\PCDeviceManage\PCDeviceManage\Manage\DisplayManage.cs(40行)
2022-04-28 14:55:26,659 INFO  [30244-51] DisplayManage  修改内屏亮度为：75  D:\yuanx\C#\PCDeviceManage\PCDeviceManage\Manage\DisplayManage.cs(40行)
2022-04-28 14:55:26,738 INFO  [30244-51] DisplayManage  修改内屏亮度为：83  D:\yuanx\C#\PCDeviceManage\PCDeviceManage\Manage\DisplayManage.cs(40行)
2022-04-28 14:55:26,845 INFO  [30244-51] DisplayManage  修改内屏亮度为：84  D:\yuanx\C#\PCDeviceManage\PCDeviceManage\Manage\DisplayManage.cs(40行)
2022-04-28 14:55:26,948 INFO  [30244-51] DisplayManage  修改内屏亮度为：87  D:\yuanx\C#\PCDeviceManage\PCDeviceManage\Manage\DisplayManage.cs(40行)
2022-04-28 14:55:27,033 INFO  [30244-51] DisplayManage  修改内屏亮度为：88  D:\yuanx\C#\PCDeviceManage\PCDeviceManage\Manage\DisplayManage.cs(40行)
2022-04-28 14:55:35,307 INFO  [30244-51] DisplayManage  修改内屏亮度为：57  D:\yuanx\C#\PCDeviceManage\PCDeviceManage\Manage\DisplayManage.cs(40行)
2022-04-28 14:55:36,080 INFO  [30244-51] DisplayManage  修改内屏亮度为：88  D:\yuanx\C#\PCDeviceManage\PCDeviceManage\Manage\DisplayManage.cs(40行)
2022-04-28 14:55:36,349 INFO  [30244-51] DisplayManage  修改内屏亮度为：75  D:\yuanx\C#\PCDeviceManage\PCDeviceManage\Manage\DisplayManage.cs(40行)
2022-04-28 14:55:36,466 INFO  [30244-51] DisplayManage  修改内屏亮度为：68  D:\yuanx\C#\PCDeviceManage\PCDeviceManage\Manage\DisplayManage.cs(40行)
2022-04-28 14:55:36,666 INFO  [30244-51] DisplayManage  修改内屏亮度为：61  D:\yuanx\C#\PCDeviceManage\PCDeviceManage\Manage\DisplayManage.cs(40行)
2022-04-28 14:55:37,631 INFO  [30244-51] DisplayManage  修改内屏亮度为：60  D:\yuanx\C#\PCDeviceManage\PCDeviceManage\Manage\DisplayManage.cs(40行)
2022-04-28 14:55:37,958 INFO  [30244-6] DisplayManage  修改内屏亮度为：83  D:\yuanx\C#\PCDeviceManage\PCDeviceManage\Manage\DisplayManage.cs(40行)
2022-04-28 14:55:38,075 INFO  [30244-6] DisplayManage  修改内屏亮度为：87  D:\yuanx\C#\PCDeviceManage\PCDeviceManage\Manage\DisplayManage.cs(40行)
2022-04-28 14:55:39,575 INFO  [30244-51] DisplayManage  修改内屏亮度为：86  D:\yuanx\C#\PCDeviceManage\PCDeviceManage\Manage\DisplayManage.cs(40行)
2022-04-28 14:55:39,801 INFO  [30244-51] DisplayManage  修改内屏亮度为：92  D:\yuanx\C#\PCDeviceManage\PCDeviceManage\Manage\DisplayManage.cs(40行)
2022-04-28 14:55:39,958 INFO  [30244-51] DisplayManage  修改内屏亮度为：93  D:\yuanx\C#\PCDeviceManage\PCDeviceManage\Manage\DisplayManage.cs(40行)
2022-04-28 14:55:40,183 INFO  [30244-51] DisplayManage  修改内屏亮度为：94  D:\yuanx\C#\PCDeviceManage\PCDeviceManage\Manage\DisplayManage.cs(40行)
2022-04-28 14:55:49,716 INFO  [30244-51] DisplayManage  修改内屏亮度为：50  D:\yuanx\C#\PCDeviceManage\PCDeviceManage\Manage\DisplayManage.cs(40行)
2022-04-28 14:55:50,243 INFO  [30244-50] DisplayManage  修改内屏亮度为：77  D:\yuanx\C#\PCDeviceManage\PCDeviceManage\Manage\DisplayManage.cs(40行)
2022-04-28 14:55:50,747 INFO  [30244-50] DisplayManage  修改内屏亮度为：90  D:\yuanx\C#\PCDeviceManage\PCDeviceManage\Manage\DisplayManage.cs(40行)
2022-04-28 14:55:51,730 INFO  [30244-51] DisplayManage  修改内屏亮度为：92  D:\yuanx\C#\PCDeviceManage\PCDeviceManage\Manage\DisplayManage.cs(40行)
2022-04-28 14:55:51,806 INFO  [30244-51] DisplayManage  修改内屏亮度为：85  D:\yuanx\C#\PCDeviceManage\PCDeviceManage\Manage\DisplayManage.cs(40行)
2022-04-28 14:55:51,884 INFO  [30244-6] DisplayManage  修改内屏亮度为：67  D:\yuanx\C#\PCDeviceManage\PCDeviceManage\Manage\DisplayManage.cs(40行)
2022-04-28 14:55:51,959 INFO  [30244-6] DisplayManage  修改内屏亮度为：50  D:\yuanx\C#\PCDeviceManage\PCDeviceManage\Manage\DisplayManage.cs(40行)
2022-04-28 14:55:52,036 INFO  [30244-6] DisplayManage  修改内屏亮度为：41  D:\yuanx\C#\PCDeviceManage\PCDeviceManage\Manage\DisplayManage.cs(40行)
2022-04-28 14:55:52,195 INFO  [30244-6] DisplayManage  修改内屏亮度为：18  D:\yuanx\C#\PCDeviceManage\PCDeviceManage\Manage\DisplayManage.cs(40行)
2022-04-28 14:55:53,493 INFO  [30244-51] DisplayManage  修改内屏亮度为：16  D:\yuanx\C#\PCDeviceManage\PCDeviceManage\Manage\DisplayManage.cs(40行)
2022-04-28 14:55:53,591 INFO  [30244-50] DisplayManage  修改内屏亮度为：44  D:\yuanx\C#\PCDeviceManage\PCDeviceManage\Manage\DisplayManage.cs(40行)
2022-04-28 14:55:53,678 INFO  [30244-50] DisplayManage  修改内屏亮度为：79  D:\yuanx\C#\PCDeviceManage\PCDeviceManage\Manage\DisplayManage.cs(40行)
2022-04-28 14:55:53,754 INFO  [30244-50] DisplayManage  修改内屏亮度为：82  D:\yuanx\C#\PCDeviceManage\PCDeviceManage\Manage\DisplayManage.cs(40行)
2022-04-28 14:56:07,068 INFO  [30244-51] DisplayManage  修改内屏亮度为：84  D:\yuanx\C#\PCDeviceManage\PCDeviceManage\Manage\DisplayManage.cs(40行)
2022-04-28 14:56:07,164 INFO  [30244-51] DisplayManage  修改内屏亮度为：89  D:\yuanx\C#\PCDeviceManage\PCDeviceManage\Manage\DisplayManage.cs(40行)
2022-04-28 14:56:07,266 INFO  [30244-51] DisplayManage  修改内屏亮度为：90  D:\yuanx\C#\PCDeviceManage\PCDeviceManage\Manage\DisplayManage.cs(40行)
2022-04-28 14:56:07,344 INFO  [30244-51] DisplayManage  修改内屏亮度为：91  D:\yuanx\C#\PCDeviceManage\PCDeviceManage\Manage\DisplayManage.cs(40行)
2022-04-28 14:56:15,455 INFO  [30244-6] DisplayManage  修改音量为：62  D:\yuanx\C#\PCDeviceManage\PCDeviceManage\Manage\AudioManage.cs(52行)
2022-04-28 14:56:18,408 INFO  [30244-51] DisplayManage  修改音量为：30  D:\yuanx\C#\PCDeviceManage\PCDeviceManage\Manage\AudioManage.cs(52行)
2022-04-28 14:56:36,070 INFO  [30244-50] DisplayInfo  DisplayInformation.GetDisplayMonitorsAsync() 获取到设备数量：1  D:\yuanx\C#\PCDeviceManage\PCDeviceManage\Monitor\DisplayInfo.cs(63行)
2022-04-28 14:56:36,071 INFO  [30244-50] DisplayInfo  [{"DeviceInstanceId":"DISPLAY\\CSO1609\\5&14475071&0&UID4357","DisplayName":"","IsInternal":true,"ConnectionDescription":"Internal","PhysicalSize":16.0043125}]  D:\yuanx\C#\PCDeviceManage\PCDeviceManage\Monitor\DisplayInfo.cs(65行)
2022-04-28 14:56:36,071 INFO  [30244-50] DisplayInfoGet   DisplayInfo.GetDisplayMonitorsAsync()获取到显示器数量：1  D:\yuanx\C#\PCDeviceManage\PCDeviceManage\Monitor\DisplayInfoGet.cs(48行)
2022-04-28 14:56:36,072 INFO  [30244-50] DisplayContext  EnumerateDevices() 开始获取显示器枚举信息  D:\yuanx\C#\PCDeviceManage\PCDeviceManage\Monitor\DisplayContext.cs(73行)
2022-04-28 14:56:36,073 INFO  [30244-50] DisplayContext  EnumDisplayDevices() 获取到设备枚举信息 displayName:\\.\DISPLAY1  D:\yuanx\C#\PCDeviceManage\PCDeviceManage\Monitor\DisplayContext.cs(77行)
2022-04-28 14:56:36,073 INFO  [30244-50] DisplayContext  TryGetDisplayIndex() 获取到设备序号 displayIndex:1  D:\yuanx\C#\PCDeviceManage\PCDeviceManage\Monitor\DisplayContext.cs(85行)
2022-04-28 14:56:36,074 INFO  [30244-50] DisplayContext  EnumDisplayDevices() 获取到设备枚举信息 displayName:\\.\DISPLAY2  D:\yuanx\C#\PCDeviceManage\PCDeviceManage\Monitor\DisplayContext.cs(77行)
2022-04-28 14:56:36,074 INFO  [30244-50] DisplayContext  TryGetDisplayIndex() 获取到设备序号 displayIndex:2  D:\yuanx\C#\PCDeviceManage\PCDeviceManage\Monitor\DisplayContext.cs(85行)
2022-04-28 14:56:36,075 INFO  [30244-50] DisplayContext  EnumDisplayDevices() 获取到设备枚举信息 displayName:\\.\DISPLAY3  D:\yuanx\C#\PCDeviceManage\PCDeviceManage\Monitor\DisplayContext.cs(77行)
2022-04-28 14:56:36,076 INFO  [30244-50] DisplayContext  TryGetDisplayIndex() 获取到设备序号 displayIndex:3  D:\yuanx\C#\PCDeviceManage\PCDeviceManage\Monitor\DisplayContext.cs(85行)
2022-04-28 14:56:36,076 INFO  [30244-50] DisplayContext  EnumDisplayDevices() 获取到设备枚举信息 displayName:\\.\DISPLAY4  D:\yuanx\C#\PCDeviceManage\PCDeviceManage\Monitor\DisplayContext.cs(77行)
2022-04-28 14:56:36,077 INFO  [30244-50] DisplayContext  TryGetDisplayIndex() 获取到设备序号 displayIndex:4  D:\yuanx\C#\PCDeviceManage\PCDeviceManage\Monitor\DisplayContext.cs(85行)
2022-04-28 14:56:36,077 INFO  [30244-50] DisplayInfoGet  [{"DeviceInstanceId":"DISPLAY\\CSO1609\\5&14475071&0&UID4357","Description":"Lenovo DisplayHDR","DisplayIndex":1,"MonitorIndex":0}]  D:\yuanx\C#\PCDeviceManage\PCDeviceManage\Monitor\DisplayInfoGet.cs(52行)
2022-04-28 14:56:36,078 INFO  [30244-50] DisplayInfoGet  GetDisplayList()获取到显示器数量：1  D:\yuanx\C#\PCDeviceManage\PCDeviceManage\Monitor\DisplayInfoGet.cs(89行)
2022-04-28 14:56:37,466 INFO  [30244-50] DisplayManage  修改音量为：29  D:\yuanx\C#\PCDeviceManage\PCDeviceManage\Manage\AudioManage.cs(52行)
2022-04-28 14:56:37,478 INFO  [30244-50] DisplayManage  修改音量为：60  D:\yuanx\C#\PCDeviceManage\PCDeviceManage\Manage\AudioManage.cs(52行)
2022-04-28 14:56:37,782 INFO  [30244-6] DisplayManage  修改音量为：61  D:\yuanx\C#\PCDeviceManage\PCDeviceManage\Manage\AudioManage.cs(52行)
2022-04-28 14:56:37,795 INFO  [30244-50] DisplayManage  修改音量为：62  D:\yuanx\C#\PCDeviceManage\PCDeviceManage\Manage\AudioManage.cs(52行)
2022-04-28 14:56:37,807 INFO  [30244-6] DisplayManage  修改音量为：63  D:\yuanx\C#\PCDeviceManage\PCDeviceManage\Manage\AudioManage.cs(52行)
2022-04-28 14:56:37,817 INFO  [30244-50] DisplayManage  修改音量为：64  D:\yuanx\C#\PCDeviceManage\PCDeviceManage\Manage\AudioManage.cs(52行)
2022-04-28 14:56:37,827 INFO  [30244-6] DisplayManage  修改音量为：65  D:\yuanx\C#\PCDeviceManage\PCDeviceManage\Manage\AudioManage.cs(52行)
2022-04-28 14:56:37,844 INFO  [30244-50] DisplayManage  修改音量为：66  D:\yuanx\C#\PCDeviceManage\PCDeviceManage\Manage\AudioManage.cs(52行)
2022-04-28 14:56:37,856 INFO  [30244-6] DisplayManage  修改音量为：67  D:\yuanx\C#\PCDeviceManage\PCDeviceManage\Manage\AudioManage.cs(52行)
2022-04-28 14:56:37,870 INFO  [30244-50] DisplayManage  修改音量为：68  D:\yuanx\C#\PCDeviceManage\PCDeviceManage\Manage\AudioManage.cs(52行)
2022-04-28 14:56:37,880 INFO  [30244-6] DisplayManage  修改音量为：69  D:\yuanx\C#\PCDeviceManage\PCDeviceManage\Manage\AudioManage.cs(52行)
2022-04-28 14:56:37,890 INFO  [30244-50] DisplayManage  修改音量为：71  D:\yuanx\C#\PCDeviceManage\PCDeviceManage\Manage\AudioManage.cs(52行)
2022-04-28 14:56:37,902 INFO  [30244-6] DisplayManage  修改音量为：73  D:\yuanx\C#\PCDeviceManage\PCDeviceManage\Manage\AudioManage.cs(52行)
2022-04-28 14:56:37,914 INFO  [30244-50] DisplayManage  修改音量为：76  D:\yuanx\C#\PCDeviceManage\PCDeviceManage\Manage\AudioManage.cs(52行)
2022-04-28 14:56:37,925 INFO  [30244-6] DisplayManage  修改音量为：78  D:\yuanx\C#\PCDeviceManage\PCDeviceManage\Manage\AudioManage.cs(52行)
2022-04-28 14:56:37,936 INFO  [30244-50] DisplayManage  修改音量为：81  D:\yuanx\C#\PCDeviceManage\PCDeviceManage\Manage\AudioManage.cs(52行)
2022-04-28 14:56:37,948 INFO  [30244-6] DisplayManage  修改音量为：82  D:\yuanx\C#\PCDeviceManage\PCDeviceManage\Manage\AudioManage.cs(52行)
2022-04-28 14:56:37,958 INFO  [30244-50] DisplayManage  修改音量为：84  D:\yuanx\C#\PCDeviceManage\PCDeviceManage\Manage\AudioManage.cs(52行)
2022-04-28 14:56:37,972 INFO  [30244-6] DisplayManage  修改音量为：85  D:\yuanx\C#\PCDeviceManage\PCDeviceManage\Manage\AudioManage.cs(52行)
2022-04-28 14:56:38,091 INFO  [30244-50] DisplayManage  修改音量为：86  D:\yuanx\C#\PCDeviceManage\PCDeviceManage\Manage\AudioManage.cs(52行)
2022-04-28 14:56:38,247 INFO  [30244-6] DisplayManage  修改音量为：85  D:\yuanx\C#\PCDeviceManage\PCDeviceManage\Manage\AudioManage.cs(52行)
2022-04-28 14:56:38,260 INFO  [30244-50] DisplayManage  修改音量为：83  D:\yuanx\C#\PCDeviceManage\PCDeviceManage\Manage\AudioManage.cs(52行)
2022-04-28 14:56:38,273 INFO  [30244-6] DisplayManage  修改音量为：80  D:\yuanx\C#\PCDeviceManage\PCDeviceManage\Manage\AudioManage.cs(52行)
2022-04-28 14:56:38,285 INFO  [30244-50] DisplayManage  修改音量为：78  D:\yuanx\C#\PCDeviceManage\PCDeviceManage\Manage\AudioManage.cs(52行)
2022-04-28 14:56:38,299 INFO  [30244-6] DisplayManage  修改音量为：76  D:\yuanx\C#\PCDeviceManage\PCDeviceManage\Manage\AudioManage.cs(52行)
2022-04-28 14:56:38,312 INFO  [30244-50] DisplayManage  修改音量为：74  D:\yuanx\C#\PCDeviceManage\PCDeviceManage\Manage\AudioManage.cs(52行)
2022-04-28 14:56:38,327 INFO  [30244-6] DisplayManage  修改音量为：73  D:\yuanx\C#\PCDeviceManage\PCDeviceManage\Manage\AudioManage.cs(52行)
2022-04-28 14:56:38,339 INFO  [30244-50] DisplayManage  修改音量为：70  D:\yuanx\C#\PCDeviceManage\PCDeviceManage\Manage\AudioManage.cs(52行)
2022-04-28 14:56:38,351 INFO  [30244-6] DisplayManage  修改音量为：69  D:\yuanx\C#\PCDeviceManage\PCDeviceManage\Manage\AudioManage.cs(52行)
2022-04-28 14:56:38,362 INFO  [30244-50] DisplayManage  修改音量为：66  D:\yuanx\C#\PCDeviceManage\PCDeviceManage\Manage\AudioManage.cs(52行)
2022-04-28 14:56:38,375 INFO  [30244-6] DisplayManage  修改音量为：64  D:\yuanx\C#\PCDeviceManage\PCDeviceManage\Manage\AudioManage.cs(52行)
2022-04-28 14:56:38,387 INFO  [30244-50] DisplayManage  修改音量为：61  D:\yuanx\C#\PCDeviceManage\PCDeviceManage\Manage\AudioManage.cs(52行)
2022-04-28 14:56:38,400 INFO  [30244-6] DisplayManage  修改音量为：59  D:\yuanx\C#\PCDeviceManage\PCDeviceManage\Manage\AudioManage.cs(52行)
2022-04-28 14:56:38,411 INFO  [30244-50] DisplayManage  修改音量为：57  D:\yuanx\C#\PCDeviceManage\PCDeviceManage\Manage\AudioManage.cs(52行)
2022-04-28 14:56:38,425 INFO  [30244-6] DisplayManage  修改音量为：55  D:\yuanx\C#\PCDeviceManage\PCDeviceManage\Manage\AudioManage.cs(52行)
2022-04-28 14:56:38,437 INFO  [30244-50] DisplayManage  修改音量为：53  D:\yuanx\C#\PCDeviceManage\PCDeviceManage\Manage\AudioManage.cs(52行)
2022-04-28 14:56:38,451 INFO  [30244-6] DisplayManage  修改音量为：52  D:\yuanx\C#\PCDeviceManage\PCDeviceManage\Manage\AudioManage.cs(52行)
2022-04-28 14:56:38,463 INFO  [30244-50] DisplayManage  修改音量为：50  D:\yuanx\C#\PCDeviceManage\PCDeviceManage\Manage\AudioManage.cs(52行)
2022-04-28 14:56:38,474 INFO  [30244-6] DisplayManage  修改音量为：48  D:\yuanx\C#\PCDeviceManage\PCDeviceManage\Manage\AudioManage.cs(52行)
2022-04-28 14:56:38,487 INFO  [30244-50] DisplayManage  修改音量为：46  D:\yuanx\C#\PCDeviceManage\PCDeviceManage\Manage\AudioManage.cs(52行)
2022-04-28 14:56:38,500 INFO  [30244-6] DisplayManage  修改音量为：44  D:\yuanx\C#\PCDeviceManage\PCDeviceManage\Manage\AudioManage.cs(52行)
2022-04-28 14:56:38,512 INFO  [30244-50] DisplayManage  修改音量为：43  D:\yuanx\C#\PCDeviceManage\PCDeviceManage\Manage\AudioManage.cs(52行)
2022-04-28 14:56:38,524 INFO  [30244-6] DisplayManage  修改音量为：42  D:\yuanx\C#\PCDeviceManage\PCDeviceManage\Manage\AudioManage.cs(52行)
2022-04-28 14:56:38,535 INFO  [30244-50] DisplayManage  修改音量为：40  D:\yuanx\C#\PCDeviceManage\PCDeviceManage\Manage\AudioManage.cs(52行)
2022-04-28 14:56:38,547 INFO  [30244-6] DisplayManage  修改音量为：38  D:\yuanx\C#\PCDeviceManage\PCDeviceManage\Manage\AudioManage.cs(52行)
2022-04-28 14:56:38,560 INFO  [30244-50] DisplayManage  修改音量为：36  D:\yuanx\C#\PCDeviceManage\PCDeviceManage\Manage\AudioManage.cs(52行)
2022-04-28 14:56:38,573 INFO  [30244-6] DisplayManage  修改音量为：33  D:\yuanx\C#\PCDeviceManage\PCDeviceManage\Manage\AudioManage.cs(52行)
2022-04-28 14:56:38,584 INFO  [30244-50] DisplayManage  修改音量为：32  D:\yuanx\C#\PCDeviceManage\PCDeviceManage\Manage\AudioManage.cs(52行)
2022-04-28 14:56:38,596 INFO  [30244-6] DisplayManage  修改音量为：30  D:\yuanx\C#\PCDeviceManage\PCDeviceManage\Manage\AudioManage.cs(52行)
2022-04-28 14:56:38,609 INFO  [30244-50] DisplayManage  修改音量为：29  D:\yuanx\C#\PCDeviceManage\PCDeviceManage\Manage\AudioManage.cs(52行)
2022-04-28 14:56:38,622 INFO  [30244-6] DisplayManage  修改音量为：28  D:\yuanx\C#\PCDeviceManage\PCDeviceManage\Manage\AudioManage.cs(52行)
2022-04-28 14:56:38,634 INFO  [30244-50] DisplayManage  修改音量为：27  D:\yuanx\C#\PCDeviceManage\PCDeviceManage\Manage\AudioManage.cs(52行)
2022-04-28 14:56:38,658 INFO  [30244-6] DisplayManage  修改音量为：26  D:\yuanx\C#\PCDeviceManage\PCDeviceManage\Manage\AudioManage.cs(52行)
2022-04-28 14:56:38,687 INFO  [30244-50] DisplayManage  修改音量为：25  D:\yuanx\C#\PCDeviceManage\PCDeviceManage\Manage\AudioManage.cs(52行)
2022-04-28 14:56:38,700 INFO  [30244-6] DisplayManage  修改音量为：24  D:\yuanx\C#\PCDeviceManage\PCDeviceManage\Manage\AudioManage.cs(52行)
2022-04-28 14:56:38,718 INFO  [30244-50] DisplayManage  修改音量为：23  D:\yuanx\C#\PCDeviceManage\PCDeviceManage\Manage\AudioManage.cs(52行)
2022-04-28 14:56:38,729 INFO  [30244-6] DisplayManage  修改音量为：22  D:\yuanx\C#\PCDeviceManage\PCDeviceManage\Manage\AudioManage.cs(52行)
2022-04-28 14:56:38,739 INFO  [30244-50] DisplayManage  修改音量为：21  D:\yuanx\C#\PCDeviceManage\PCDeviceManage\Manage\AudioManage.cs(52行)
2022-04-28 14:56:38,757 INFO  [30244-6] DisplayManage  修改音量为：20  D:\yuanx\C#\PCDeviceManage\PCDeviceManage\Manage\AudioManage.cs(52行)
2022-04-28 14:56:39,950 INFO  [30244-52] DisplayManage  修改音量为：21  D:\yuanx\C#\PCDeviceManage\PCDeviceManage\Manage\AudioManage.cs(52行)
2022-04-28 14:56:39,962 INFO  [30244-6] DisplayManage  修改音量为：22  D:\yuanx\C#\PCDeviceManage\PCDeviceManage\Manage\AudioManage.cs(52行)
2022-04-28 14:56:39,976 INFO  [30244-52] DisplayManage  修改音量为：23  D:\yuanx\C#\PCDeviceManage\PCDeviceManage\Manage\AudioManage.cs(52行)
2022-04-28 14:56:39,988 INFO  [30244-6] DisplayManage  修改音量为：26  D:\yuanx\C#\PCDeviceManage\PCDeviceManage\Manage\AudioManage.cs(52行)
2022-04-28 14:56:39,999 INFO  [30244-52] DisplayManage  修改音量为：28  D:\yuanx\C#\PCDeviceManage\PCDeviceManage\Manage\AudioManage.cs(52行)
2022-04-28 14:56:40,010 INFO  [30244-6] DisplayManage  修改音量为：30  D:\yuanx\C#\PCDeviceManage\PCDeviceManage\Manage\AudioManage.cs(52行)
2022-04-28 14:56:40,021 INFO  [30244-52] DisplayManage  修改音量为：33  D:\yuanx\C#\PCDeviceManage\PCDeviceManage\Manage\AudioManage.cs(52行)
2022-04-28 14:56:40,033 INFO  [30244-6] DisplayManage  修改音量为：35  D:\yuanx\C#\PCDeviceManage\PCDeviceManage\Manage\AudioManage.cs(52行)
2022-04-28 14:56:40,045 INFO  [30244-52] DisplayManage  修改音量为：37  D:\yuanx\C#\PCDeviceManage\PCDeviceManage\Manage\AudioManage.cs(52行)
2022-04-28 14:56:40,056 INFO  [30244-6] DisplayManage  修改音量为：39  D:\yuanx\C#\PCDeviceManage\PCDeviceManage\Manage\AudioManage.cs(52行)
2022-04-28 14:56:40,067 INFO  [30244-52] DisplayManage  修改音量为：41  D:\yuanx\C#\PCDeviceManage\PCDeviceManage\Manage\AudioManage.cs(52行)
2022-04-28 14:56:40,078 INFO  [30244-6] DisplayManage  修改音量为：43  D:\yuanx\C#\PCDeviceManage\PCDeviceManage\Manage\AudioManage.cs(52行)
2022-04-28 14:56:40,090 INFO  [30244-52] DisplayManage  修改音量为：44  D:\yuanx\C#\PCDeviceManage\PCDeviceManage\Manage\AudioManage.cs(52行)
2022-04-28 14:56:40,101 INFO  [30244-6] DisplayManage  修改音量为：45  D:\yuanx\C#\PCDeviceManage\PCDeviceManage\Manage\AudioManage.cs(52行)
2022-04-28 14:56:40,112 INFO  [30244-52] DisplayManage  修改音量为：46  D:\yuanx\C#\PCDeviceManage\PCDeviceManage\Manage\AudioManage.cs(52行)
2022-04-28 14:56:40,123 INFO  [30244-6] DisplayManage  修改音量为：47  D:\yuanx\C#\PCDeviceManage\PCDeviceManage\Manage\AudioManage.cs(52行)
2022-04-28 14:56:40,139 INFO  [30244-52] DisplayManage  修改音量为：48  D:\yuanx\C#\PCDeviceManage\PCDeviceManage\Manage\AudioManage.cs(52行)
2022-04-28 14:56:40,160 INFO  [30244-6] DisplayManage  修改音量为：49  D:\yuanx\C#\PCDeviceManage\PCDeviceManage\Manage\AudioManage.cs(52行)
2022-04-28 14:56:40,185 INFO  [30244-52] DisplayManage  修改音量为：50  D:\yuanx\C#\PCDeviceManage\PCDeviceManage\Manage\AudioManage.cs(52行)
2022-04-28 14:56:40,196 INFO  [30244-6] DisplayManage  修改音量为：51  D:\yuanx\C#\PCDeviceManage\PCDeviceManage\Manage\AudioManage.cs(52行)
2022-04-28 14:56:40,206 INFO  [30244-52] DisplayManage  修改音量为：52  D:\yuanx\C#\PCDeviceManage\PCDeviceManage\Manage\AudioManage.cs(52行)
2022-04-28 14:56:40,217 INFO  [30244-6] DisplayManage  修改音量为：53  D:\yuanx\C#\PCDeviceManage\PCDeviceManage\Manage\AudioManage.cs(52行)
2022-04-28 14:56:40,229 INFO  [30244-52] DisplayManage  修改音量为：55  D:\yuanx\C#\PCDeviceManage\PCDeviceManage\Manage\AudioManage.cs(52行)
2022-04-28 14:56:40,240 INFO  [30244-6] DisplayManage  修改音量为：57  D:\yuanx\C#\PCDeviceManage\PCDeviceManage\Manage\AudioManage.cs(52行)
2022-04-28 14:56:40,252 INFO  [30244-52] DisplayManage  修改音量为：59  D:\yuanx\C#\PCDeviceManage\PCDeviceManage\Manage\AudioManage.cs(52行)
2022-04-28 14:56:40,263 INFO  [30244-6] DisplayManage  修改音量为：60  D:\yuanx\C#\PCDeviceManage\PCDeviceManage\Manage\AudioManage.cs(52行)
2022-04-28 14:56:40,275 INFO  [30244-52] DisplayManage  修改音量为：62  D:\yuanx\C#\PCDeviceManage\PCDeviceManage\Manage\AudioManage.cs(52行)
2022-04-28 14:56:40,285 INFO  [30244-6] DisplayManage  修改音量为：63  D:\yuanx\C#\PCDeviceManage\PCDeviceManage\Manage\AudioManage.cs(52行)
2022-04-28 14:56:40,324 INFO  [30244-52] DisplayManage  修改音量为：64  D:\yuanx\C#\PCDeviceManage\PCDeviceManage\Manage\AudioManage.cs(52行)
2022-04-28 14:56:40,367 INFO  [30244-6] DisplayManage  修改音量为：65  D:\yuanx\C#\PCDeviceManage\PCDeviceManage\Manage\AudioManage.cs(52行)
2022-04-28 14:56:40,385 INFO  [30244-52] DisplayManage  修改音量为：66  D:\yuanx\C#\PCDeviceManage\PCDeviceManage\Manage\AudioManage.cs(52行)
2022-04-28 14:56:40,396 INFO  [30244-6] DisplayManage  修改音量为：67  D:\yuanx\C#\PCDeviceManage\PCDeviceManage\Manage\AudioManage.cs(52行)
2022-04-28 14:56:40,406 INFO  [30244-52] DisplayManage  修改音量为：68  D:\yuanx\C#\PCDeviceManage\PCDeviceManage\Manage\AudioManage.cs(52行)
2022-04-28 14:56:40,417 INFO  [30244-6] DisplayManage  修改音量为：69  D:\yuanx\C#\PCDeviceManage\PCDeviceManage\Manage\AudioManage.cs(52行)
2022-04-28 14:56:40,429 INFO  [30244-52] DisplayManage  修改音量为：70  D:\yuanx\C#\PCDeviceManage\PCDeviceManage\Manage\AudioManage.cs(52行)
2022-04-28 14:56:40,440 INFO  [30244-6] DisplayManage  修改音量为：71  D:\yuanx\C#\PCDeviceManage\PCDeviceManage\Manage\AudioManage.cs(52行)
2022-04-28 14:56:40,451 INFO  [30244-52] DisplayManage  修改音量为：72  D:\yuanx\C#\PCDeviceManage\PCDeviceManage\Manage\AudioManage.cs(52行)
2022-04-28 14:56:40,497 INFO  [30244-6] DisplayManage  修改音量为：73  D:\yuanx\C#\PCDeviceManage\PCDeviceManage\Manage\AudioManage.cs(52行)
2022-04-28 14:56:40,518 INFO  [30244-52] DisplayManage  修改音量为：74  D:\yuanx\C#\PCDeviceManage\PCDeviceManage\Manage\AudioManage.cs(52行)
2022-04-28 14:56:40,543 INFO  [30244-6] DisplayManage  修改音量为：75  D:\yuanx\C#\PCDeviceManage\PCDeviceManage\Manage\AudioManage.cs(52行)
2022-04-28 14:56:44,326 INFO  [30244-51] DisplayManage  修改音量为：73  D:\yuanx\C#\PCDeviceManage\PCDeviceManage\Manage\AudioManage.cs(52行)
2022-04-28 14:56:44,338 INFO  [30244-52] DisplayManage  修改音量为：72  D:\yuanx\C#\PCDeviceManage\PCDeviceManage\Manage\AudioManage.cs(52行)
2022-04-28 14:56:44,353 INFO  [30244-51] DisplayManage  修改音量为：71  D:\yuanx\C#\PCDeviceManage\PCDeviceManage\Manage\AudioManage.cs(52行)
2022-04-28 14:56:44,363 INFO  [30244-52] DisplayManage  修改音量为：70  D:\yuanx\C#\PCDeviceManage\PCDeviceManage\Manage\AudioManage.cs(52行)
2022-04-28 14:56:44,374 INFO  [30244-51] DisplayManage  修改音量为：69  D:\yuanx\C#\PCDeviceManage\PCDeviceManage\Manage\AudioManage.cs(52行)
2022-04-28 14:56:44,385 INFO  [30244-52] DisplayManage  修改音量为：68  D:\yuanx\C#\PCDeviceManage\PCDeviceManage\Manage\AudioManage.cs(52行)
2022-04-28 14:56:44,396 INFO  [30244-51] DisplayManage  修改音量为：67  D:\yuanx\C#\PCDeviceManage\PCDeviceManage\Manage\AudioManage.cs(52行)
2022-04-28 14:56:44,406 INFO  [30244-52] DisplayManage  修改音量为：66  D:\yuanx\C#\PCDeviceManage\PCDeviceManage\Manage\AudioManage.cs(52行)
2022-04-28 14:56:44,469 INFO  [30244-51] DisplayManage  修改音量为：65  D:\yuanx\C#\PCDeviceManage\PCDeviceManage\Manage\AudioManage.cs(52行)
2022-04-28 14:56:44,539 INFO  [30244-52] DisplayManage  修改音量为：64  D:\yuanx\C#\PCDeviceManage\PCDeviceManage\Manage\AudioManage.cs(52行)
2022-04-28 14:56:44,550 INFO  [30244-51] DisplayManage  修改音量为：63  D:\yuanx\C#\PCDeviceManage\PCDeviceManage\Manage\AudioManage.cs(52行)
2022-04-28 14:56:44,572 INFO  [30244-52] DisplayManage  修改音量为：62  D:\yuanx\C#\PCDeviceManage\PCDeviceManage\Manage\AudioManage.cs(52行)
2022-04-28 14:56:44,582 INFO  [30244-51] DisplayManage  修改音量为：61  D:\yuanx\C#\PCDeviceManage\PCDeviceManage\Manage\AudioManage.cs(52行)
2022-04-28 14:56:44,592 INFO  [30244-52] DisplayManage  修改音量为：60  D:\yuanx\C#\PCDeviceManage\PCDeviceManage\Manage\AudioManage.cs(52行)
2022-04-28 14:56:44,607 INFO  [30244-51] DisplayManage  修改音量为：59  D:\yuanx\C#\PCDeviceManage\PCDeviceManage\Manage\AudioManage.cs(52行)
2022-04-28 14:56:44,618 INFO  [30244-52] DisplayManage  修改音量为：58  D:\yuanx\C#\PCDeviceManage\PCDeviceManage\Manage\AudioManage.cs(52行)
2022-04-28 14:56:44,693 INFO  [30244-51] DisplayManage  修改音量为：57  D:\yuanx\C#\PCDeviceManage\PCDeviceManage\Manage\AudioManage.cs(52行)
2022-04-28 14:56:44,724 INFO  [30244-52] DisplayManage  修改音量为：56  D:\yuanx\C#\PCDeviceManage\PCDeviceManage\Manage\AudioManage.cs(52行)
2022-04-28 14:56:44,748 INFO  [30244-51] DisplayManage  修改音量为：55  D:\yuanx\C#\PCDeviceManage\PCDeviceManage\Manage\AudioManage.cs(52行)
2022-04-28 14:56:44,772 INFO  [30244-52] DisplayManage  修改音量为：54  D:\yuanx\C#\PCDeviceManage\PCDeviceManage\Manage\AudioManage.cs(52行)
2022-04-28 14:56:44,796 INFO  [30244-51] DisplayManage  修改音量为：53  D:\yuanx\C#\PCDeviceManage\PCDeviceManage\Manage\AudioManage.cs(52行)
2022-04-28 14:56:44,820 INFO  [30244-52] DisplayManage  修改音量为：52  D:\yuanx\C#\PCDeviceManage\PCDeviceManage\Manage\AudioManage.cs(52行)
2022-04-28 14:56:44,833 INFO  [30244-51] DisplayManage  修改音量为：51  D:\yuanx\C#\PCDeviceManage\PCDeviceManage\Manage\AudioManage.cs(52行)
2022-04-28 14:56:44,851 INFO  [30244-52] DisplayManage  修改音量为：50  D:\yuanx\C#\PCDeviceManage\PCDeviceManage\Manage\AudioManage.cs(52行)
2022-04-28 14:56:44,863 INFO  [30244-51] DisplayManage  修改音量为：49  D:\yuanx\C#\PCDeviceManage\PCDeviceManage\Manage\AudioManage.cs(52行)
2022-04-28 14:56:44,877 INFO  [30244-52] DisplayManage  修改音量为：48  D:\yuanx\C#\PCDeviceManage\PCDeviceManage\Manage\AudioManage.cs(52行)
2022-04-28 14:56:44,889 INFO  [30244-51] DisplayManage  修改音量为：47  D:\yuanx\C#\PCDeviceManage\PCDeviceManage\Manage\AudioManage.cs(52行)
2022-04-28 14:56:44,911 INFO  [30244-52] DisplayManage  修改音量为：46  D:\yuanx\C#\PCDeviceManage\PCDeviceManage\Manage\AudioManage.cs(52行)
2022-04-28 14:56:44,936 INFO  [30244-51] DisplayManage  修改音量为：45  D:\yuanx\C#\PCDeviceManage\PCDeviceManage\Manage\AudioManage.cs(52行)
2022-04-28 14:56:44,947 INFO  [30244-52] DisplayManage  修改音量为：44  D:\yuanx\C#\PCDeviceManage\PCDeviceManage\Manage\AudioManage.cs(52行)
2022-04-28 14:56:44,966 INFO  [30244-51] DisplayManage  修改音量为：43  D:\yuanx\C#\PCDeviceManage\PCDeviceManage\Manage\AudioManage.cs(52行)
2022-04-28 14:56:44,978 INFO  [30244-52] DisplayManage  修改音量为：42  D:\yuanx\C#\PCDeviceManage\PCDeviceManage\Manage\AudioManage.cs(52行)
2022-04-28 14:56:44,992 INFO  [30244-51] DisplayManage  修改音量为：41  D:\yuanx\C#\PCDeviceManage\PCDeviceManage\Manage\AudioManage.cs(52行)
2022-04-28 14:56:45,008 INFO  [30244-52] DisplayManage  修改音量为：40  D:\yuanx\C#\PCDeviceManage\PCDeviceManage\Manage\AudioManage.cs(52行)
2022-04-28 14:56:45,030 INFO  [30244-51] DisplayManage  修改音量为：39  D:\yuanx\C#\PCDeviceManage\PCDeviceManage\Manage\AudioManage.cs(52行)
2022-04-28 14:56:45,063 INFO  [30244-52] DisplayManage  修改音量为：38  D:\yuanx\C#\PCDeviceManage\PCDeviceManage\Manage\AudioManage.cs(52行)
2022-04-28 14:56:45,096 INFO  [30244-51] DisplayManage  修改音量为：37  D:\yuanx\C#\PCDeviceManage\PCDeviceManage\Manage\AudioManage.cs(52行)
2022-04-28 14:56:45,156 INFO  [30244-52] DisplayManage  修改音量为：36  D:\yuanx\C#\PCDeviceManage\PCDeviceManage\Manage\AudioManage.cs(52行)
2022-04-28 14:56:45,178 INFO  [30244-52] DisplayManage  修改音量为：35  D:\yuanx\C#\PCDeviceManage\PCDeviceManage\Manage\AudioManage.cs(52行)
2022-04-28 14:56:45,201 INFO  [30244-50] DisplayManage  修改音量为：34  D:\yuanx\C#\PCDeviceManage\PCDeviceManage\Manage\AudioManage.cs(52行)
2022-04-28 14:56:45,220 INFO  [30244-52] DisplayManage  修改音量为：33  D:\yuanx\C#\PCDeviceManage\PCDeviceManage\Manage\AudioManage.cs(52行)
2022-04-28 14:56:45,232 INFO  [30244-50] DisplayManage  修改音量为：32  D:\yuanx\C#\PCDeviceManage\PCDeviceManage\Manage\AudioManage.cs(52行)
2022-04-28 14:56:45,243 INFO  [30244-52] DisplayManage  修改音量为：31  D:\yuanx\C#\PCDeviceManage\PCDeviceManage\Manage\AudioManage.cs(52行)
2022-04-28 14:56:45,254 INFO  [30244-50] DisplayManage  修改音量为：30  D:\yuanx\C#\PCDeviceManage\PCDeviceManage\Manage\AudioManage.cs(52行)
2022-04-28 14:56:45,265 INFO  [30244-52] DisplayManage  修改音量为：29  D:\yuanx\C#\PCDeviceManage\PCDeviceManage\Manage\AudioManage.cs(52行)
2022-04-28 14:56:45,276 INFO  [30244-50] DisplayManage  修改音量为：28  D:\yuanx\C#\PCDeviceManage\PCDeviceManage\Manage\AudioManage.cs(52行)
2022-04-28 14:56:45,292 INFO  [30244-52] DisplayManage  修改音量为：27  D:\yuanx\C#\PCDeviceManage\PCDeviceManage\Manage\AudioManage.cs(52行)
2022-04-28 14:56:45,312 INFO  [30244-50] DisplayManage  修改音量为：26  D:\yuanx\C#\PCDeviceManage\PCDeviceManage\Manage\AudioManage.cs(52行)
2022-04-28 14:56:45,342 INFO  [30244-52] DisplayManage  修改音量为：25  D:\yuanx\C#\PCDeviceManage\PCDeviceManage\Manage\AudioManage.cs(52行)
2022-04-28 14:56:45,365 INFO  [30244-50] DisplayManage  修改音量为：24  D:\yuanx\C#\PCDeviceManage\PCDeviceManage\Manage\AudioManage.cs(52行)
2022-04-28 14:56:45,403 INFO  [30244-52] DisplayManage  修改音量为：23  D:\yuanx\C#\PCDeviceManage\PCDeviceManage\Manage\AudioManage.cs(52行)
2022-04-28 14:56:45,420 INFO  [30244-50] DisplayManage  修改音量为：22  D:\yuanx\C#\PCDeviceManage\PCDeviceManage\Manage\AudioManage.cs(52行)
2022-04-28 14:56:45,444 INFO  [30244-52] DisplayManage  修改音量为：21  D:\yuanx\C#\PCDeviceManage\PCDeviceManage\Manage\AudioManage.cs(52行)
2022-04-28 14:56:45,494 INFO  [30244-50] DisplayManage  修改音量为：20  D:\yuanx\C#\PCDeviceManage\PCDeviceManage\Manage\AudioManage.cs(52行)
2022-04-28 14:56:45,541 INFO  [30244-52] DisplayManage  修改音量为：19  D:\yuanx\C#\PCDeviceManage\PCDeviceManage\Manage\AudioManage.cs(52行)
2022-04-28 14:56:45,754 INFO  [30244-50] DisplayManage  修改音量为：20  D:\yuanx\C#\PCDeviceManage\PCDeviceManage\Manage\AudioManage.cs(52行)
2022-04-28 14:56:45,769 INFO  [30244-52] DisplayManage  修改音量为：21  D:\yuanx\C#\PCDeviceManage\PCDeviceManage\Manage\AudioManage.cs(52行)
2022-04-28 14:56:45,779 INFO  [30244-50] DisplayManage  修改音量为：22  D:\yuanx\C#\PCDeviceManage\PCDeviceManage\Manage\AudioManage.cs(52行)
2022-04-28 14:56:45,790 INFO  [30244-52] DisplayManage  修改音量为：23  D:\yuanx\C#\PCDeviceManage\PCDeviceManage\Manage\AudioManage.cs(52行)
2022-04-28 14:56:45,800 INFO  [30244-50] DisplayManage  修改音量为：24  D:\yuanx\C#\PCDeviceManage\PCDeviceManage\Manage\AudioManage.cs(52行)
2022-04-28 14:56:45,810 INFO  [30244-52] DisplayManage  修改音量为：26  D:\yuanx\C#\PCDeviceManage\PCDeviceManage\Manage\AudioManage.cs(52行)
2022-04-28 14:56:45,821 INFO  [30244-50] DisplayManage  修改音量为：27  D:\yuanx\C#\PCDeviceManage\PCDeviceManage\Manage\AudioManage.cs(52行)
2022-04-28 14:56:45,833 INFO  [30244-52] DisplayManage  修改音量为：28  D:\yuanx\C#\PCDeviceManage\PCDeviceManage\Manage\AudioManage.cs(52行)
2022-04-28 14:56:45,843 INFO  [30244-50] DisplayManage  修改音量为：29  D:\yuanx\C#\PCDeviceManage\PCDeviceManage\Manage\AudioManage.cs(52行)
2022-04-28 14:56:45,863 INFO  [30244-52] DisplayManage  修改音量为：30  D:\yuanx\C#\PCDeviceManage\PCDeviceManage\Manage\AudioManage.cs(52行)
2022-04-28 14:56:45,921 INFO  [30244-50] DisplayManage  修改音量为：31  D:\yuanx\C#\PCDeviceManage\PCDeviceManage\Manage\AudioManage.cs(52行)
2022-04-28 14:56:45,965 INFO  [30244-52] DisplayManage  修改音量为：32  D:\yuanx\C#\PCDeviceManage\PCDeviceManage\Manage\AudioManage.cs(52行)
2022-04-28 14:56:46,034 INFO  [30244-50] DisplayManage  修改音量为：33  D:\yuanx\C#\PCDeviceManage\PCDeviceManage\Manage\AudioManage.cs(52行)
2022-04-28 14:56:46,056 INFO  [30244-52] DisplayManage  修改音量为：34  D:\yuanx\C#\PCDeviceManage\PCDeviceManage\Manage\AudioManage.cs(52行)
2022-04-28 14:56:46,075 INFO  [30244-50] DisplayManage  修改音量为：35  D:\yuanx\C#\PCDeviceManage\PCDeviceManage\Manage\AudioManage.cs(52行)
2022-04-28 14:56:46,104 INFO  [30244-52] DisplayManage  修改音量为：36  D:\yuanx\C#\PCDeviceManage\PCDeviceManage\Manage\AudioManage.cs(52行)
2022-04-28 14:56:46,125 INFO  [30244-50] DisplayManage  修改音量为：37  D:\yuanx\C#\PCDeviceManage\PCDeviceManage\Manage\AudioManage.cs(52行)
2022-04-28 14:56:46,154 INFO  [30244-52] DisplayManage  修改音量为：38  D:\yuanx\C#\PCDeviceManage\PCDeviceManage\Manage\AudioManage.cs(52行)
2022-04-28 14:56:46,171 INFO  [30244-50] DisplayManage  修改音量为：39  D:\yuanx\C#\PCDeviceManage\PCDeviceManage\Manage\AudioManage.cs(52行)
2022-04-28 14:56:46,190 INFO  [30244-52] DisplayManage  修改音量为：40  D:\yuanx\C#\PCDeviceManage\PCDeviceManage\Manage\AudioManage.cs(52行)
2022-04-28 14:56:46,220 INFO  [30244-50] DisplayManage  修改音量为：41  D:\yuanx\C#\PCDeviceManage\PCDeviceManage\Manage\AudioManage.cs(52行)
2022-04-28 14:56:46,239 INFO  [30244-52] DisplayManage  修改音量为：42  D:\yuanx\C#\PCDeviceManage\PCDeviceManage\Manage\AudioManage.cs(52行)
2022-04-28 14:56:46,299 INFO  [30244-50] DisplayManage  修改音量为：43  D:\yuanx\C#\PCDeviceManage\PCDeviceManage\Manage\AudioManage.cs(52行)
2022-04-28 14:56:46,310 INFO  [30244-52] DisplayManage  修改音量为：44  D:\yuanx\C#\PCDeviceManage\PCDeviceManage\Manage\AudioManage.cs(52行)
2022-04-28 14:56:46,322 INFO  [30244-50] DisplayManage  修改音量为：45  D:\yuanx\C#\PCDeviceManage\PCDeviceManage\Manage\AudioManage.cs(52行)
2022-04-28 14:56:46,332 INFO  [30244-52] DisplayManage  修改音量为：46  D:\yuanx\C#\PCDeviceManage\PCDeviceManage\Manage\AudioManage.cs(52行)
2022-04-28 14:56:46,344 INFO  [30244-50] DisplayManage  修改音量为：47  D:\yuanx\C#\PCDeviceManage\PCDeviceManage\Manage\AudioManage.cs(52行)
2022-04-28 14:56:46,356 INFO  [30244-52] DisplayManage  修改音量为：48  D:\yuanx\C#\PCDeviceManage\PCDeviceManage\Manage\AudioManage.cs(52行)
2022-04-28 14:56:46,368 INFO  [30244-50] DisplayManage  修改音量为：49  D:\yuanx\C#\PCDeviceManage\PCDeviceManage\Manage\AudioManage.cs(52行)
2022-04-28 14:56:46,379 INFO  [30244-52] DisplayManage  修改音量为：50  D:\yuanx\C#\PCDeviceManage\PCDeviceManage\Manage\AudioManage.cs(52行)
2022-04-28 14:56:46,396 INFO  [30244-50] DisplayManage  修改音量为：51  D:\yuanx\C#\PCDeviceManage\PCDeviceManage\Manage\AudioManage.cs(52行)
2022-04-28 14:56:46,415 INFO  [30244-52] DisplayManage  修改音量为：52  D:\yuanx\C#\PCDeviceManage\PCDeviceManage\Manage\AudioManage.cs(52行)
2022-04-28 14:56:46,441 INFO  [30244-50] DisplayManage  修改音量为：53  D:\yuanx\C#\PCDeviceManage\PCDeviceManage\Manage\AudioManage.cs(52行)
2022-04-28 14:56:46,564 INFO  [30244-52] DisplayManage  修改音量为：54  D:\yuanx\C#\PCDeviceManage\PCDeviceManage\Manage\AudioManage.cs(52行)
2022-04-28 14:56:46,605 INFO  [30244-50] DisplayManage  修改音量为：55  D:\yuanx\C#\PCDeviceManage\PCDeviceManage\Manage\AudioManage.cs(52行)
2022-04-28 14:56:46,640 INFO  [30244-52] DisplayManage  修改音量为：56  D:\yuanx\C#\PCDeviceManage\PCDeviceManage\Manage\AudioManage.cs(52行)
2022-04-28 14:56:46,669 INFO  [30244-50] DisplayManage  修改音量为：57  D:\yuanx\C#\PCDeviceManage\PCDeviceManage\Manage\AudioManage.cs(52行)
2022-04-28 14:56:46,686 INFO  [30244-52] DisplayManage  修改音量为：58  D:\yuanx\C#\PCDeviceManage\PCDeviceManage\Manage\AudioManage.cs(52行)
2022-04-28 14:56:46,705 INFO  [30244-50] DisplayManage  修改音量为：59  D:\yuanx\C#\PCDeviceManage\PCDeviceManage\Manage\AudioManage.cs(52行)
2022-04-28 14:56:46,716 INFO  [30244-52] DisplayManage  修改音量为：60  D:\yuanx\C#\PCDeviceManage\PCDeviceManage\Manage\AudioManage.cs(52行)
2022-04-28 14:56:46,741 INFO  [30244-50] DisplayManage  修改音量为：61  D:\yuanx\C#\PCDeviceManage\PCDeviceManage\Manage\AudioManage.cs(52行)
2022-04-28 14:56:46,751 INFO  [30244-52] DisplayManage  修改音量为：62  D:\yuanx\C#\PCDeviceManage\PCDeviceManage\Manage\AudioManage.cs(52行)
2022-04-28 14:56:46,771 INFO  [30244-50] DisplayManage  修改音量为：63  D:\yuanx\C#\PCDeviceManage\PCDeviceManage\Manage\AudioManage.cs(52行)
2022-04-28 14:56:46,790 INFO  [30244-52] DisplayManage  修改音量为：64  D:\yuanx\C#\PCDeviceManage\PCDeviceManage\Manage\AudioManage.cs(52行)
2022-04-28 14:56:46,802 INFO  [30244-50] DisplayManage  修改音量为：65  D:\yuanx\C#\PCDeviceManage\PCDeviceManage\Manage\AudioManage.cs(52行)
2022-04-28 14:56:46,820 INFO  [30244-52] DisplayManage  修改音量为：66  D:\yuanx\C#\PCDeviceManage\PCDeviceManage\Manage\AudioManage.cs(52行)
2022-04-28 14:56:46,834 INFO  [30244-50] DisplayManage  修改音量为：67  D:\yuanx\C#\PCDeviceManage\PCDeviceManage\Manage\AudioManage.cs(52行)
2022-04-28 14:56:46,856 INFO  [30244-52] DisplayManage  修改音量为：68  D:\yuanx\C#\PCDeviceManage\PCDeviceManage\Manage\AudioManage.cs(52行)
2022-04-28 14:56:46,869 INFO  [30244-50] DisplayManage  修改音量为：69  D:\yuanx\C#\PCDeviceManage\PCDeviceManage\Manage\AudioManage.cs(52行)
2022-04-28 14:56:46,881 INFO  [30244-52] DisplayManage  修改音量为：70  D:\yuanx\C#\PCDeviceManage\PCDeviceManage\Manage\AudioManage.cs(52行)
2022-04-28 14:56:46,895 INFO  [30244-50] DisplayManage  修改音量为：71  D:\yuanx\C#\PCDeviceManage\PCDeviceManage\Manage\AudioManage.cs(52行)
2022-04-28 14:56:46,906 INFO  [30244-52] DisplayManage  修改音量为：72  D:\yuanx\C#\PCDeviceManage\PCDeviceManage\Manage\AudioManage.cs(52行)
2022-04-28 14:56:46,917 INFO  [30244-50] DisplayManage  修改音量为：73  D:\yuanx\C#\PCDeviceManage\PCDeviceManage\Manage\AudioManage.cs(52行)
2022-04-28 14:56:46,929 INFO  [30244-52] DisplayManage  修改音量为：74  D:\yuanx\C#\PCDeviceManage\PCDeviceManage\Manage\AudioManage.cs(52行)
2022-04-28 14:56:46,940 INFO  [30244-50] DisplayManage  修改音量为：75  D:\yuanx\C#\PCDeviceManage\PCDeviceManage\Manage\AudioManage.cs(52行)
2022-04-28 14:56:46,951 INFO  [30244-52] DisplayManage  修改音量为：76  D:\yuanx\C#\PCDeviceManage\PCDeviceManage\Manage\AudioManage.cs(52行)
2022-04-28 14:56:47,021 INFO  [30244-50] DisplayManage  修改音量为：77  D:\yuanx\C#\PCDeviceManage\PCDeviceManage\Manage\AudioManage.cs(52行)
2022-04-28 14:56:47,067 INFO  [30244-52] DisplayManage  修改音量为：78  D:\yuanx\C#\PCDeviceManage\PCDeviceManage\Manage\AudioManage.cs(52行)
2022-04-28 14:56:47,093 INFO  [30244-50] DisplayManage  修改音量为：79  D:\yuanx\C#\PCDeviceManage\PCDeviceManage\Manage\AudioManage.cs(52行)
2022-04-28 14:56:47,112 INFO  [30244-52] DisplayManage  修改音量为：80  D:\yuanx\C#\PCDeviceManage\PCDeviceManage\Manage\AudioManage.cs(52行)
2022-04-28 14:56:47,122 INFO  [30244-50] DisplayManage  修改音量为：81  D:\yuanx\C#\PCDeviceManage\PCDeviceManage\Manage\AudioManage.cs(52行)
2022-04-28 14:56:47,136 INFO  [30244-52] DisplayManage  修改音量为：82  D:\yuanx\C#\PCDeviceManage\PCDeviceManage\Manage\AudioManage.cs(52行)
2022-04-28 14:56:47,147 INFO  [30244-50] DisplayManage  修改音量为：83  D:\yuanx\C#\PCDeviceManage\PCDeviceManage\Manage\AudioManage.cs(52行)
2022-04-28 14:56:47,159 INFO  [30244-52] DisplayManage  修改音量为：84  D:\yuanx\C#\PCDeviceManage\PCDeviceManage\Manage\AudioManage.cs(52行)
2022-04-28 14:56:47,173 INFO  [30244-50] DisplayManage  修改音量为：85  D:\yuanx\C#\PCDeviceManage\PCDeviceManage\Manage\AudioManage.cs(52行)
2022-04-28 14:56:47,307 INFO  [30244-52] DisplayManage  修改音量为：86  D:\yuanx\C#\PCDeviceManage\PCDeviceManage\Manage\AudioManage.cs(52行)
2022-04-28 14:57:37,402 INFO  [30244-41] DisplayInfo  DisplayInformation.GetDisplayMonitorsAsync() 获取到设备数量：1  D:\yuanx\C#\PCDeviceManage\PCDeviceManage\Monitor\DisplayInfo.cs(63行)
2022-04-28 14:57:37,403 INFO  [30244-41] DisplayInfo  [{"DeviceInstanceId":"DISPLAY\\CSO1609\\5&14475071&0&UID4357","DisplayName":"","IsInternal":true,"ConnectionDescription":"Internal","PhysicalSize":16.0043125}]  D:\yuanx\C#\PCDeviceManage\PCDeviceManage\Monitor\DisplayInfo.cs(65行)
2022-04-28 14:57:37,404 INFO  [30244-41] DisplayInfoGet   DisplayInfo.GetDisplayMonitorsAsync()获取到显示器数量：1  D:\yuanx\C#\PCDeviceManage\PCDeviceManage\Monitor\DisplayInfoGet.cs(48行)
2022-04-28 14:57:37,405 INFO  [30244-41] DisplayContext  EnumerateDevices() 开始获取显示器枚举信息  D:\yuanx\C#\PCDeviceManage\PCDeviceManage\Monitor\DisplayContext.cs(73行)
2022-04-28 14:57:37,405 INFO  [30244-41] DisplayContext  EnumDisplayDevices() 获取到设备枚举信息 displayName:\\.\DISPLAY1  D:\yuanx\C#\PCDeviceManage\PCDeviceManage\Monitor\DisplayContext.cs(77行)
2022-04-28 14:57:37,406 INFO  [30244-41] DisplayContext  TryGetDisplayIndex() 获取到设备序号 displayIndex:1  D:\yuanx\C#\PCDeviceManage\PCDeviceManage\Monitor\DisplayContext.cs(85行)
2022-04-28 14:57:37,406 INFO  [30244-41] DisplayContext  EnumDisplayDevices() 获取到设备枚举信息 displayName:\\.\DISPLAY2  D:\yuanx\C#\PCDeviceManage\PCDeviceManage\Monitor\DisplayContext.cs(77行)
2022-04-28 14:57:37,407 INFO  [30244-41] DisplayContext  TryGetDisplayIndex() 获取到设备序号 displayIndex:2  D:\yuanx\C#\PCDeviceManage\PCDeviceManage\Monitor\DisplayContext.cs(85行)
2022-04-28 14:57:37,408 INFO  [30244-41] DisplayContext  EnumDisplayDevices() 获取到设备枚举信息 displayName:\\.\DISPLAY3  D:\yuanx\C#\PCDeviceManage\PCDeviceManage\Monitor\DisplayContext.cs(77行)
2022-04-28 14:57:37,408 INFO  [30244-41] DisplayContext  TryGetDisplayIndex() 获取到设备序号 displayIndex:3  D:\yuanx\C#\PCDeviceManage\PCDeviceManage\Monitor\DisplayContext.cs(85行)
2022-04-28 14:57:37,409 INFO  [30244-41] DisplayContext  EnumDisplayDevices() 获取到设备枚举信息 displayName:\\.\DISPLAY4  D:\yuanx\C#\PCDeviceManage\PCDeviceManage\Monitor\DisplayContext.cs(77行)
2022-04-28 14:57:37,410 INFO  [30244-41] DisplayContext  TryGetDisplayIndex() 获取到设备序号 displayIndex:4  D:\yuanx\C#\PCDeviceManage\PCDeviceManage\Monitor\DisplayContext.cs(85行)
2022-04-28 14:57:37,410 INFO  [30244-41] DisplayInfoGet  [{"DeviceInstanceId":"DISPLAY\\CSO1609\\5&14475071&0&UID4357","Description":"Lenovo DisplayHDR","DisplayIndex":1,"MonitorIndex":0}]  D:\yuanx\C#\PCDeviceManage\PCDeviceManage\Monitor\DisplayInfoGet.cs(52行)
2022-04-28 14:57:37,411 INFO  [30244-41] DisplayInfoGet  GetDisplayList()获取到显示器数量：1  D:\yuanx\C#\PCDeviceManage\PCDeviceManage\Monitor\DisplayInfoGet.cs(89行)
2022-04-28 14:57:44,438 INFO  [30244-41] DisplayManage  修改音量为：83  D:\yuanx\C#\PCDeviceManage\PCDeviceManage\Manage\AudioManage.cs(52行)
2022-04-28 14:57:44,762 INFO  [30244-40] DisplayManage  修改音量为：35  D:\yuanx\C#\PCDeviceManage\PCDeviceManage\Manage\AudioManage.cs(52行)
2022-04-28 14:57:45,643 INFO  [30244-43] DisplayManage  修改音量为：34  D:\yuanx\C#\PCDeviceManage\PCDeviceManage\Manage\AudioManage.cs(52行)
2022-04-28 14:57:45,871 INFO  [30244-39] DisplayManage  修改音量为：0  D:\yuanx\C#\PCDeviceManage\PCDeviceManage\Manage\AudioManage.cs(52行)
2022-04-28 14:57:48,884 INFO  [30244-41] DisplayManage  修改内屏亮度为：89  D:\yuanx\C#\PCDeviceManage\PCDeviceManage\Manage\DisplayManage.cs(40行)
2022-04-28 14:57:49,073 INFO  [30244-40] DisplayManage  修改内屏亮度为：66  D:\yuanx\C#\PCDeviceManage\PCDeviceManage\Manage\DisplayManage.cs(40行)
2022-04-28 14:57:49,312 INFO  [30244-41] DisplayManage  修改内屏亮度为：56  D:\yuanx\C#\PCDeviceManage\PCDeviceManage\Manage\DisplayManage.cs(40行)
2022-04-28 14:57:49,518 INFO  [30244-40] DisplayManage  修改内屏亮度为：50  D:\yuanx\C#\PCDeviceManage\PCDeviceManage\Manage\DisplayManage.cs(40行)
2022-04-28 14:57:49,717 INFO  [30244-41] DisplayManage  修改内屏亮度为：48  D:\yuanx\C#\PCDeviceManage\PCDeviceManage\Manage\DisplayManage.cs(40行)
2022-04-28 14:57:50,593 INFO  [30244-41] DisplayManage  修改内屏亮度为：53  D:\yuanx\C#\PCDeviceManage\PCDeviceManage\Manage\DisplayManage.cs(40行)
2022-04-28 14:57:50,832 INFO  [30244-40] DisplayManage  修改内屏亮度为：66  D:\yuanx\C#\PCDeviceManage\PCDeviceManage\Manage\DisplayManage.cs(40行)
2022-04-28 14:57:51,072 INFO  [30244-41] DisplayManage  修改内屏亮度为：72  D:\yuanx\C#\PCDeviceManage\PCDeviceManage\Manage\DisplayManage.cs(40行)
2022-04-28 14:57:51,313 INFO  [30244-40] DisplayManage  修改内屏亮度为：78  D:\yuanx\C#\PCDeviceManage\PCDeviceManage\Manage\DisplayManage.cs(40行)
2022-04-28 14:57:51,553 INFO  [30244-41] DisplayManage  修改内屏亮度为：83  D:\yuanx\C#\PCDeviceManage\PCDeviceManage\Manage\DisplayManage.cs(40行)
2022-04-28 14:57:51,793 INFO  [30244-40] DisplayManage  修改内屏亮度为：89  D:\yuanx\C#\PCDeviceManage\PCDeviceManage\Manage\DisplayManage.cs(40行)
2022-04-28 14:57:52,037 INFO  [30244-41] DisplayManage  修改内屏亮度为：91  D:\yuanx\C#\PCDeviceManage\PCDeviceManage\Manage\DisplayManage.cs(40行)
2022-04-28 14:58:02,393 INFO  [30244-6] DisplayInfo  DisplayInformation.GetDisplayMonitorsAsync() 获取到设备数量：1  D:\yuanx\C#\PCDeviceManage\PCDeviceManage\Monitor\DisplayInfo.cs(63行)
2022-04-28 14:58:02,394 INFO  [30244-6] DisplayInfo  [{"DeviceInstanceId":"DISPLAY\\CSO1609\\5&14475071&0&UID4357","DisplayName":"","IsInternal":true,"ConnectionDescription":"Internal","PhysicalSize":16.0043125}]  D:\yuanx\C#\PCDeviceManage\PCDeviceManage\Monitor\DisplayInfo.cs(65行)
2022-04-28 14:58:02,395 INFO  [30244-6] DisplayInfoGet   DisplayInfo.GetDisplayMonitorsAsync()获取到显示器数量：1  D:\yuanx\C#\PCDeviceManage\PCDeviceManage\Monitor\DisplayInfoGet.cs(48行)
2022-04-28 14:58:02,395 INFO  [30244-6] DisplayContext  EnumerateDevices() 开始获取显示器枚举信息  D:\yuanx\C#\PCDeviceManage\PCDeviceManage\Monitor\DisplayContext.cs(73行)
2022-04-28 14:58:02,396 INFO  [30244-6] DisplayContext  EnumDisplayDevices() 获取到设备枚举信息 displayName:\\.\DISPLAY1  D:\yuanx\C#\PCDeviceManage\PCDeviceManage\Monitor\DisplayContext.cs(77行)
2022-04-28 14:58:02,396 INFO  [30244-6] DisplayContext  TryGetDisplayIndex() 获取到设备序号 displayIndex:1  D:\yuanx\C#\PCDeviceManage\PCDeviceManage\Monitor\DisplayContext.cs(85行)
2022-04-28 14:58:02,397 INFO  [30244-6] DisplayContext  EnumDisplayDevices() 获取到设备枚举信息 displayName:\\.\DISPLAY2  D:\yuanx\C#\PCDeviceManage\PCDeviceManage\Monitor\DisplayContext.cs(77行)
2022-04-28 14:58:02,398 INFO  [30244-6] DisplayContext  TryGetDisplayIndex() 获取到设备序号 displayIndex:2  D:\yuanx\C#\PCDeviceManage\PCDeviceManage\Monitor\DisplayContext.cs(85行)
2022-04-28 14:58:02,398 INFO  [30244-6] DisplayContext  EnumDisplayDevices() 获取到设备枚举信息 displayName:\\.\DISPLAY3  D:\yuanx\C#\PCDeviceManage\PCDeviceManage\Monitor\DisplayContext.cs(77行)
2022-04-28 14:58:02,399 INFO  [30244-6] DisplayContext  TryGetDisplayIndex() 获取到设备序号 displayIndex:3  D:\yuanx\C#\PCDeviceManage\PCDeviceManage\Monitor\DisplayContext.cs(85行)
2022-04-28 14:58:02,399 INFO  [30244-6] DisplayContext  EnumDisplayDevices() 获取到设备枚举信息 displayName:\\.\DISPLAY4  D:\yuanx\C#\PCDeviceManage\PCDeviceManage\Monitor\DisplayContext.cs(77行)
2022-04-28 14:58:02,400 INFO  [30244-6] DisplayContext  TryGetDisplayIndex() 获取到设备序号 displayIndex:4  D:\yuanx\C#\PCDeviceManage\PCDeviceManage\Monitor\DisplayContext.cs(85行)
2022-04-28 14:58:02,400 INFO  [30244-6] DisplayInfoGet  [{"DeviceInstanceId":"DISPLAY\\CSO1609\\5&14475071&0&UID4357","Description":"Lenovo DisplayHDR","DisplayIndex":1,"MonitorIndex":0}]  D:\yuanx\C#\PCDeviceManage\PCDeviceManage\Monitor\DisplayInfoGet.cs(52行)
2022-04-28 14:58:02,401 INFO  [30244-6] DisplayInfoGet  GetDisplayList()获取到显示器数量：1  D:\yuanx\C#\PCDeviceManage\PCDeviceManage\Monitor\DisplayInfoGet.cs(89行)
2022-04-28 14:58:07,299 INFO  [30244-6] DisplayManage  修改内屏亮度为：55  D:\yuanx\C#\PCDeviceManage\PCDeviceManage\Manage\DisplayManage.cs(40行)
2022-04-28 14:58:08,266 INFO  [30244-43] DisplayManage  修改内屏亮度为：61  D:\yuanx\C#\PCDeviceManage\PCDeviceManage\Manage\DisplayManage.cs(40行)
2022-04-28 14:58:08,478 INFO  [30244-6] DisplayManage  修改内屏亮度为：77  D:\yuanx\C#\PCDeviceManage\PCDeviceManage\Manage\DisplayManage.cs(40行)
2022-04-28 14:58:08,719 INFO  [30244-43] DisplayManage  修改内屏亮度为：83  D:\yuanx\C#\PCDeviceManage\PCDeviceManage\Manage\DisplayManage.cs(40行)
2022-04-28 14:58:08,958 INFO  [30244-6] DisplayManage  修改内屏亮度为：86  D:\yuanx\C#\PCDeviceManage\PCDeviceManage\Manage\DisplayManage.cs(40行)
2022-04-28 14:58:09,359 INFO  [30244-43] DisplayManage  修改内屏亮度为：85  D:\yuanx\C#\PCDeviceManage\PCDeviceManage\Manage\DisplayManage.cs(40行)
2022-04-28 14:58:09,598 INFO  [30244-6] DisplayManage  修改内屏亮度为：63  D:\yuanx\C#\PCDeviceManage\PCDeviceManage\Manage\DisplayManage.cs(40行)
2022-04-28 14:58:09,838 INFO  [30244-43] DisplayManage  修改内屏亮度为：56  D:\yuanx\C#\PCDeviceManage\PCDeviceManage\Manage\DisplayManage.cs(40行)
2022-04-28 14:58:10,080 INFO  [30244-43] DisplayManage  修改内屏亮度为：53  D:\yuanx\C#\PCDeviceManage\PCDeviceManage\Manage\DisplayManage.cs(40行)
2022-04-28 14:58:10,318 INFO  [30244-41] DisplayManage  修改内屏亮度为：48  D:\yuanx\C#\PCDeviceManage\PCDeviceManage\Manage\DisplayManage.cs(40行)
2022-04-28 14:58:10,559 INFO  [30244-43] DisplayManage  修改内屏亮度为：44  D:\yuanx\C#\PCDeviceManage\PCDeviceManage\Manage\DisplayManage.cs(40行)
2022-04-28 14:58:10,788 INFO  [30244-41] DisplayManage  修改内屏亮度为：38  D:\yuanx\C#\PCDeviceManage\PCDeviceManage\Manage\DisplayManage.cs(40行)
2022-04-28 14:58:11,038 INFO  [30244-43] DisplayManage  修改内屏亮度为：33  D:\yuanx\C#\PCDeviceManage\PCDeviceManage\Manage\DisplayManage.cs(40行)
2022-04-28 14:58:11,279 INFO  [30244-41] DisplayManage  修改内屏亮度为：29  D:\yuanx\C#\PCDeviceManage\PCDeviceManage\Manage\DisplayManage.cs(40行)
2022-04-28 14:58:11,533 INFO  [30244-43] DisplayManage  修改内屏亮度为：28  D:\yuanx\C#\PCDeviceManage\PCDeviceManage\Manage\DisplayManage.cs(40行)
2022-04-28 14:58:11,838 INFO  [30244-41] DisplayManage  修改内屏亮度为：39  D:\yuanx\C#\PCDeviceManage\PCDeviceManage\Manage\DisplayManage.cs(40行)
2022-04-28 14:58:12,079 INFO  [30244-43] DisplayManage  修改内屏亮度为：49  D:\yuanx\C#\PCDeviceManage\PCDeviceManage\Manage\DisplayManage.cs(40行)
2022-04-28 14:58:12,318 INFO  [30244-41] DisplayManage  修改内屏亮度为：54  D:\yuanx\C#\PCDeviceManage\PCDeviceManage\Manage\DisplayManage.cs(40行)
2022-04-28 14:58:12,558 INFO  [30244-43] DisplayManage  修改内屏亮度为：61  D:\yuanx\C#\PCDeviceManage\PCDeviceManage\Manage\DisplayManage.cs(40行)
2022-04-28 14:58:12,799 INFO  [30244-41] DisplayManage  修改内屏亮度为：66  D:\yuanx\C#\PCDeviceManage\PCDeviceManage\Manage\DisplayManage.cs(40行)
2022-04-28 14:58:13,038 INFO  [30244-43] DisplayManage  修改内屏亮度为：72  D:\yuanx\C#\PCDeviceManage\PCDeviceManage\Manage\DisplayManage.cs(40行)
2022-04-28 14:58:13,279 INFO  [30244-41] DisplayManage  修改内屏亮度为：81  D:\yuanx\C#\PCDeviceManage\PCDeviceManage\Manage\DisplayManage.cs(40行)
2022-04-28 14:58:13,519 INFO  [30244-43] DisplayManage  修改内屏亮度为：86  D:\yuanx\C#\PCDeviceManage\PCDeviceManage\Manage\DisplayManage.cs(40行)
2022-04-28 14:58:13,759 INFO  [30244-41] DisplayManage  修改内屏亮度为：89  D:\yuanx\C#\PCDeviceManage\PCDeviceManage\Manage\DisplayManage.cs(40行)
2022-04-28 14:58:13,953 INFO  [30244-43] DisplayManage  修改内屏亮度为：93  D:\yuanx\C#\PCDeviceManage\PCDeviceManage\Manage\DisplayManage.cs(40行)
2022-04-28 14:59:06,019 INFO  [30244-6] DisplayManage  修改音量为：6  D:\yuanx\C#\PCDeviceManage\PCDeviceManage\Manage\AudioManage.cs(52行)
2022-04-28 14:59:06,271 INFO  [30244-38] DisplayManage  修改音量为：26  D:\yuanx\C#\PCDeviceManage\PCDeviceManage\Manage\AudioManage.cs(52行)
2022-04-28 14:59:06,400 INFO  [30244-38] DisplayManage  修改音量为：31  D:\yuanx\C#\PCDeviceManage\PCDeviceManage\Manage\AudioManage.cs(52行)
2022-04-28 14:59:06,521 INFO  [30244-38] DisplayManage  修改音量为：35  D:\yuanx\C#\PCDeviceManage\PCDeviceManage\Manage\AudioManage.cs(52行)
2022-04-28 14:59:06,650 INFO  [30244-38] DisplayManage  修改音量为：36  D:\yuanx\C#\PCDeviceManage\PCDeviceManage\Manage\AudioManage.cs(52行)
2022-04-28 14:59:06,944 INFO  [30244-38] DisplayManage  修改音量为：34  D:\yuanx\C#\PCDeviceManage\PCDeviceManage\Manage\AudioManage.cs(52行)
2022-04-28 14:59:07,081 INFO  [30244-38] DisplayManage  修改音量为：19  D:\yuanx\C#\PCDeviceManage\PCDeviceManage\Manage\AudioManage.cs(52行)
2022-04-28 14:59:07,211 INFO  [30244-38] DisplayManage  修改音量为：8  D:\yuanx\C#\PCDeviceManage\PCDeviceManage\Manage\AudioManage.cs(52行)
2022-04-28 14:59:07,345 INFO  [30244-38] DisplayManage  修改音量为：0  D:\yuanx\C#\PCDeviceManage\PCDeviceManage\Manage\AudioManage.cs(52行)
2022-04-28 14:59:08,648 INFO  [30244-38] DisplayManage  修改音量为：28  D:\yuanx\C#\PCDeviceManage\PCDeviceManage\Manage\AudioManage.cs(52行)
2022-04-28 14:59:09,300 INFO  [30244-38] DisplayManage  修改音量为：52  D:\yuanx\C#\PCDeviceManage\PCDeviceManage\Manage\AudioManage.cs(52行)
2022-04-28 14:59:09,912 INFO  [30244-38] DisplayManage  修改音量为：23  D:\yuanx\C#\PCDeviceManage\PCDeviceManage\Manage\AudioManage.cs(52行)
2022-04-28 14:59:10,864 INFO  [30244-38] DisplayManage  修改音量为：64  D:\yuanx\C#\PCDeviceManage\PCDeviceManage\Manage\AudioManage.cs(52行)
2022-04-28 14:59:11,540 INFO  [30244-38] DisplayManage  修改音量为：25  D:\yuanx\C#\PCDeviceManage\PCDeviceManage\Manage\AudioManage.cs(52行)
2022-04-28 14:59:12,031 INFO  [30244-38] DisplayManage  修改音量为：1  D:\yuanx\C#\PCDeviceManage\PCDeviceManage\Manage\AudioManage.cs(52行)
2022-04-28 14:59:13,449 INFO  [30244-38] DisplayManage  修改内屏亮度为：80  D:\yuanx\C#\PCDeviceManage\PCDeviceManage\Manage\DisplayManage.cs(40行)
2022-04-28 14:59:14,152 INFO  [30244-6] DisplayManage  修改内屏亮度为：95  D:\yuanx\C#\PCDeviceManage\PCDeviceManage\Manage\DisplayManage.cs(40行)
2022-04-28 14:59:14,841 INFO  [30244-38] DisplayManage  修改内屏亮度为：89  D:\yuanx\C#\PCDeviceManage\PCDeviceManage\Manage\DisplayManage.cs(40行)
2022-04-28 14:59:15,033 INFO  [30244-6] DisplayManage  修改内屏亮度为：75  D:\yuanx\C#\PCDeviceManage\PCDeviceManage\Manage\DisplayManage.cs(40行)
2022-04-28 14:59:15,231 INFO  [30244-38] DisplayManage  修改内屏亮度为：69  D:\yuanx\C#\PCDeviceManage\PCDeviceManage\Manage\DisplayManage.cs(40行)
2022-04-28 14:59:15,550 INFO  [30244-6] DisplayManage  修改内屏亮度为：61  D:\yuanx\C#\PCDeviceManage\PCDeviceManage\Manage\DisplayManage.cs(40行)
2022-04-28 14:59:15,745 INFO  [30244-38] DisplayManage  修改内屏亮度为：58  D:\yuanx\C#\PCDeviceManage\PCDeviceManage\Manage\DisplayManage.cs(40行)
2022-04-28 14:59:15,952 INFO  [30244-6] DisplayManage  修改内屏亮度为：57  D:\yuanx\C#\PCDeviceManage\PCDeviceManage\Manage\DisplayManage.cs(40行)
2022-04-28 14:59:16,151 INFO  [30244-38] DisplayManage  修改内屏亮度为：56  D:\yuanx\C#\PCDeviceManage\PCDeviceManage\Manage\DisplayManage.cs(40行)
2022-04-28 14:59:16,361 INFO  [30244-6] DisplayManage  修改内屏亮度为：52  D:\yuanx\C#\PCDeviceManage\PCDeviceManage\Manage\DisplayManage.cs(40行)
2022-04-28 14:59:16,672 INFO  [30244-38] DisplayManage  修改内屏亮度为：36  D:\yuanx\C#\PCDeviceManage\PCDeviceManage\Manage\DisplayManage.cs(40行)
2022-04-28 14:59:16,871 INFO  [30244-6] DisplayManage  修改内屏亮度为：30  D:\yuanx\C#\PCDeviceManage\PCDeviceManage\Manage\DisplayManage.cs(40行)
2022-04-28 14:59:17,113 INFO  [30244-38] DisplayManage  修改内屏亮度为：31  D:\yuanx\C#\PCDeviceManage\PCDeviceManage\Manage\DisplayManage.cs(40行)
2022-04-28 14:59:17,301 INFO  [30244-6] DisplayManage  修改内屏亮度为：51  D:\yuanx\C#\PCDeviceManage\PCDeviceManage\Manage\DisplayManage.cs(40行)
2022-04-28 14:59:17,504 INFO  [30244-38] DisplayManage  修改内屏亮度为：70  D:\yuanx\C#\PCDeviceManage\PCDeviceManage\Manage\DisplayManage.cs(40行)
2022-04-28 14:59:17,700 INFO  [30244-6] DisplayManage  修改内屏亮度为：79  D:\yuanx\C#\PCDeviceManage\PCDeviceManage\Manage\DisplayManage.cs(40行)
2022-04-28 14:59:17,921 INFO  [30244-38] DisplayManage  修改内屏亮度为：87  D:\yuanx\C#\PCDeviceManage\PCDeviceManage\Manage\DisplayManage.cs(40行)
2022-04-28 14:59:18,112 INFO  [30244-6] DisplayManage  修改内屏亮度为：94  D:\yuanx\C#\PCDeviceManage\PCDeviceManage\Manage\DisplayManage.cs(40行)
2022-04-28 14:59:18,322 INFO  [30244-38] DisplayManage  修改内屏亮度为：97  D:\yuanx\C#\PCDeviceManage\PCDeviceManage\Manage\DisplayManage.cs(40行)
2022-04-28 14:59:29,733 INFO  [30244-6] DisplayInfo  DisplayInformation.GetDisplayMonitorsAsync() 获取到设备数量：1  D:\yuanx\C#\PCDeviceManage\PCDeviceManage\Monitor\DisplayInfo.cs(63行)
2022-04-28 14:59:29,734 INFO  [30244-6] DisplayInfo  [{"DeviceInstanceId":"DISPLAY\\CSO1609\\5&14475071&0&UID4357","DisplayName":"","IsInternal":true,"ConnectionDescription":"Internal","PhysicalSize":16.0043125}]  D:\yuanx\C#\PCDeviceManage\PCDeviceManage\Monitor\DisplayInfo.cs(65行)
2022-04-28 14:59:29,734 INFO  [30244-6] DisplayInfoGet   DisplayInfo.GetDisplayMonitorsAsync()获取到显示器数量：1  D:\yuanx\C#\PCDeviceManage\PCDeviceManage\Monitor\DisplayInfoGet.cs(48行)
2022-04-28 14:59:29,735 INFO  [30244-6] DisplayContext  EnumerateDevices() 开始获取显示器枚举信息  D:\yuanx\C#\PCDeviceManage\PCDeviceManage\Monitor\DisplayContext.cs(73行)
2022-04-28 14:59:29,736 INFO  [30244-6] DisplayContext  EnumDisplayDevices() 获取到设备枚举信息 displayName:\\.\DISPLAY1  D:\yuanx\C#\PCDeviceManage\PCDeviceManage\Monitor\DisplayContext.cs(77行)
2022-04-28 14:59:29,736 INFO  [30244-6] DisplayContext  TryGetDisplayIndex() 获取到设备序号 displayIndex:1  D:\yuanx\C#\PCDeviceManage\PCDeviceManage\Monitor\DisplayContext.cs(85行)
2022-04-28 14:59:29,737 INFO  [30244-6] DisplayContext  EnumDisplayDevices() 获取到设备枚举信息 displayName:\\.\DISPLAY2  D:\yuanx\C#\PCDeviceManage\PCDeviceManage\Monitor\DisplayContext.cs(77行)
2022-04-28 14:59:29,738 INFO  [30244-6] DisplayContext  TryGetDisplayIndex() 获取到设备序号 displayIndex:2  D:\yuanx\C#\PCDeviceManage\PCDeviceManage\Monitor\DisplayContext.cs(85行)
2022-04-28 14:59:29,739 INFO  [30244-6] DisplayContext  EnumDisplayDevices() 获取到设备枚举信息 displayName:\\.\DISPLAY3  D:\yuanx\C#\PCDeviceManage\PCDeviceManage\Monitor\DisplayContext.cs(77行)
2022-04-28 14:59:29,739 INFO  [30244-6] DisplayContext  TryGetDisplayIndex() 获取到设备序号 displayIndex:3  D:\yuanx\C#\PCDeviceManage\PCDeviceManage\Monitor\DisplayContext.cs(85行)
2022-04-28 14:59:29,740 INFO  [30244-6] DisplayContext  EnumDisplayDevices() 获取到设备枚举信息 displayName:\\.\DISPLAY4  D:\yuanx\C#\PCDeviceManage\PCDeviceManage\Monitor\DisplayContext.cs(77行)
2022-04-28 14:59:29,740 INFO  [30244-6] DisplayContext  TryGetDisplayIndex() 获取到设备序号 displayIndex:4  D:\yuanx\C#\PCDeviceManage\PCDeviceManage\Monitor\DisplayContext.cs(85行)
2022-04-28 14:59:29,741 INFO  [30244-6] DisplayInfoGet  [{"DeviceInstanceId":"DISPLAY\\CSO1609\\5&14475071&0&UID4357","Description":"Lenovo DisplayHDR","DisplayIndex":1,"MonitorIndex":0}]  D:\yuanx\C#\PCDeviceManage\PCDeviceManage\Monitor\DisplayInfoGet.cs(52行)
2022-04-28 14:59:29,741 INFO  [30244-6] DisplayInfoGet  GetDisplayList()获取到显示器数量：1  D:\yuanx\C#\PCDeviceManage\PCDeviceManage\Monitor\DisplayInfoGet.cs(89行)
2022-04-28 14:59:32,383 INFO  [30244-6] DisplayManage  修改音量为：2  D:\yuanx\C#\PCDeviceManage\PCDeviceManage\Manage\AudioManage.cs(52行)
2022-04-28 14:59:32,467 INFO  [30244-6] DisplayManage  修改音量为：0  D:\yuanx\C#\PCDeviceManage\PCDeviceManage\Manage\AudioManage.cs(52行)
2022-04-28 14:59:33,939 INFO  [30244-36] DisplayManage  修改内屏亮度为：95  D:\yuanx\C#\PCDeviceManage\PCDeviceManage\Manage\DisplayManage.cs(40行)
2022-04-28 14:59:34,088 INFO  [30244-6] DisplayManage  修改内屏亮度为：94  D:\yuanx\C#\PCDeviceManage\PCDeviceManage\Manage\DisplayManage.cs(40行)
2022-04-28 14:59:34,278 INFO  [30244-38] DisplayManage  修改内屏亮度为：93  D:\yuanx\C#\PCDeviceManage\PCDeviceManage\Manage\DisplayManage.cs(40行)
2022-04-28 14:59:34,427 INFO  [30244-36] DisplayManage  修改内屏亮度为：91  D:\yuanx\C#\PCDeviceManage\PCDeviceManage\Manage\DisplayManage.cs(40行)
2022-04-28 14:59:34,575 INFO  [30244-6] DisplayManage  修改内屏亮度为：89  D:\yuanx\C#\PCDeviceManage\PCDeviceManage\Manage\DisplayManage.cs(40行)
2022-04-28 14:59:34,740 INFO  [30244-38] DisplayManage  修改内屏亮度为：85  D:\yuanx\C#\PCDeviceManage\PCDeviceManage\Manage\DisplayManage.cs(40行)
2022-04-28 14:59:34,886 INFO  [30244-36] DisplayManage  修改内屏亮度为：82  D:\yuanx\C#\PCDeviceManage\PCDeviceManage\Manage\DisplayManage.cs(40行)
2022-04-28 14:59:35,045 INFO  [30244-6] DisplayManage  修改内屏亮度为：77  D:\yuanx\C#\PCDeviceManage\PCDeviceManage\Manage\DisplayManage.cs(40行)
2022-04-28 14:59:35,202 INFO  [30244-38] DisplayManage  修改内屏亮度为：72  D:\yuanx\C#\PCDeviceManage\PCDeviceManage\Manage\DisplayManage.cs(40行)
2022-04-28 14:59:35,350 INFO  [30244-36] DisplayManage  修改内屏亮度为：71  D:\yuanx\C#\PCDeviceManage\PCDeviceManage\Manage\DisplayManage.cs(40行)
2022-04-28 14:59:35,500 INFO  [30244-6] DisplayManage  修改内屏亮度为：61  D:\yuanx\C#\PCDeviceManage\PCDeviceManage\Manage\DisplayManage.cs(40行)
2022-04-28 14:59:35,744 INFO  [30244-38] DisplayManage  修改内屏亮度为：60  D:\yuanx\C#\PCDeviceManage\PCDeviceManage\Manage\DisplayManage.cs(40行)
2022-04-28 14:59:35,916 INFO  [30244-36] DisplayManage  修改内屏亮度为：58  D:\yuanx\C#\PCDeviceManage\PCDeviceManage\Manage\DisplayManage.cs(40行)
2022-04-28 14:59:36,073 INFO  [30244-6] DisplayManage  修改内屏亮度为：59  D:\yuanx\C#\PCDeviceManage\PCDeviceManage\Manage\DisplayManage.cs(40行)
2022-04-28 14:59:36,221 INFO  [30244-38] DisplayManage  修改内屏亮度为：69  D:\yuanx\C#\PCDeviceManage\PCDeviceManage\Manage\DisplayManage.cs(40行)
2022-04-28 14:59:36,389 INFO  [30244-36] DisplayManage  修改内屏亮度为：79  D:\yuanx\C#\PCDeviceManage\PCDeviceManage\Manage\DisplayManage.cs(40行)
2022-04-28 14:59:36,542 INFO  [30244-6] DisplayManage  修改内屏亮度为：83  D:\yuanx\C#\PCDeviceManage\PCDeviceManage\Manage\DisplayManage.cs(40行)
2022-04-28 14:59:36,690 INFO  [30244-38] DisplayManage  修改内屏亮度为：84  D:\yuanx\C#\PCDeviceManage\PCDeviceManage\Manage\DisplayManage.cs(40行)
2022-04-28 14:59:36,838 INFO  [30244-36] DisplayManage  修改内屏亮度为：85  D:\yuanx\C#\PCDeviceManage\PCDeviceManage\Manage\DisplayManage.cs(40行)
2022-04-28 14:59:37,253 INFO  [30244-6] DisplayManage  修改内屏亮度为：86  D:\yuanx\C#\PCDeviceManage\PCDeviceManage\Manage\DisplayManage.cs(40行)
2022-04-28 14:59:37,400 INFO  [30244-38] DisplayManage  修改内屏亮度为：87  D:\yuanx\C#\PCDeviceManage\PCDeviceManage\Manage\DisplayManage.cs(40行)
2022-04-28 14:59:37,593 INFO  [30244-36] DisplayManage  修改内屏亮度为：88  D:\yuanx\C#\PCDeviceManage\PCDeviceManage\Manage\DisplayManage.cs(40行)
2022-04-28 14:59:37,744 INFO  [30244-6] DisplayManage  修改内屏亮度为：89  D:\yuanx\C#\PCDeviceManage\PCDeviceManage\Manage\DisplayManage.cs(40行)
2022-04-28 14:59:38,204 INFO  [30244-38] DisplayManage  修改内屏亮度为：90  D:\yuanx\C#\PCDeviceManage\PCDeviceManage\Manage\DisplayManage.cs(40行)
2022-04-28 14:59:38,354 INFO  [30244-36] DisplayManage  修改内屏亮度为：91  D:\yuanx\C#\PCDeviceManage\PCDeviceManage\Manage\DisplayManage.cs(40行)
2022-04-28 14:59:47,283 INFO  [30244-36] DisplayManage  修改内屏亮度为：94  D:\yuanx\C#\PCDeviceManage\PCDeviceManage\Manage\DisplayManage.cs(40行)
2022-04-28 14:59:47,523 INFO  [30244-6] DisplayManage  修改内屏亮度为：82  D:\yuanx\C#\PCDeviceManage\PCDeviceManage\Manage\DisplayManage.cs(40行)
2022-04-28 14:59:47,769 INFO  [30244-38] DisplayManage  修改内屏亮度为：77  D:\yuanx\C#\PCDeviceManage\PCDeviceManage\Manage\DisplayManage.cs(40行)
2022-04-28 14:59:48,008 INFO  [30244-36] DisplayManage  修改内屏亮度为：73  D:\yuanx\C#\PCDeviceManage\PCDeviceManage\Manage\DisplayManage.cs(40行)
2022-04-28 14:59:48,277 INFO  [30244-6] DisplayManage  修改内屏亮度为：71  D:\yuanx\C#\PCDeviceManage\PCDeviceManage\Manage\DisplayManage.cs(40行)
2022-04-28 14:59:48,552 INFO  [30244-6] DisplayManage  修改内屏亮度为：66  D:\yuanx\C#\PCDeviceManage\PCDeviceManage\Manage\DisplayManage.cs(40行)
2022-04-28 14:59:48,813 INFO  [30244-36] DisplayManage  修改内屏亮度为：64  D:\yuanx\C#\PCDeviceManage\PCDeviceManage\Manage\DisplayManage.cs(40行)
2022-04-28 14:59:49,052 INFO  [30244-38] DisplayManage  修改内屏亮度为：57  D:\yuanx\C#\PCDeviceManage\PCDeviceManage\Manage\DisplayManage.cs(40行)
2022-04-28 14:59:49,282 INFO  [30244-6] DisplayManage  修改内屏亮度为：51  D:\yuanx\C#\PCDeviceManage\PCDeviceManage\Manage\DisplayManage.cs(40行)
2022-04-28 14:59:49,531 INFO  [30244-36] DisplayManage  修改内屏亮度为：47  D:\yuanx\C#\PCDeviceManage\PCDeviceManage\Manage\DisplayManage.cs(40行)
2022-04-28 14:59:49,772 INFO  [30244-38] DisplayManage  修改内屏亮度为：43  D:\yuanx\C#\PCDeviceManage\PCDeviceManage\Manage\DisplayManage.cs(40行)
2022-04-28 14:59:50,203 INFO  [30244-6] DisplayManage  修改内屏亮度为：35  D:\yuanx\C#\PCDeviceManage\PCDeviceManage\Manage\DisplayManage.cs(40行)
2022-04-28 14:59:50,472 INFO  [30244-36] DisplayManage  修改内屏亮度为：32  D:\yuanx\C#\PCDeviceManage\PCDeviceManage\Manage\DisplayManage.cs(40行)
2022-04-28 14:59:50,713 INFO  [30244-38] DisplayManage  修改内屏亮度为：25  D:\yuanx\C#\PCDeviceManage\PCDeviceManage\Manage\DisplayManage.cs(40行)
2022-04-28 14:59:51,032 INFO  [30244-6] DisplayManage  修改内屏亮度为：17  D:\yuanx\C#\PCDeviceManage\PCDeviceManage\Manage\DisplayManage.cs(40行)
2022-04-28 14:59:51,352 INFO  [30244-36] DisplayManage  修改内屏亮度为：13  D:\yuanx\C#\PCDeviceManage\PCDeviceManage\Manage\DisplayManage.cs(40行)
2022-04-28 14:59:51,671 INFO  [30244-38] DisplayManage  修改内屏亮度为：10  D:\yuanx\C#\PCDeviceManage\PCDeviceManage\Manage\DisplayManage.cs(40行)
2022-04-28 14:59:51,992 INFO  [30244-6] DisplayManage  修改内屏亮度为：9  D:\yuanx\C#\PCDeviceManage\PCDeviceManage\Manage\DisplayManage.cs(40行)
2022-04-28 14:59:52,311 INFO  [30244-36] DisplayManage  修改内屏亮度为：11  D:\yuanx\C#\PCDeviceManage\PCDeviceManage\Manage\DisplayManage.cs(40行)
2022-04-28 14:59:52,631 INFO  [30244-38] DisplayManage  修改内屏亮度为：23  D:\yuanx\C#\PCDeviceManage\PCDeviceManage\Manage\DisplayManage.cs(40行)
2022-04-28 14:59:52,952 INFO  [30244-6] DisplayManage  修改内屏亮度为：33  D:\yuanx\C#\PCDeviceManage\PCDeviceManage\Manage\DisplayManage.cs(40行)
2022-04-28 14:59:53,277 INFO  [30244-36] DisplayManage  修改内屏亮度为：43  D:\yuanx\C#\PCDeviceManage\PCDeviceManage\Manage\DisplayManage.cs(40行)
2022-04-28 14:59:53,593 INFO  [30244-38] DisplayManage  修改内屏亮度为：54  D:\yuanx\C#\PCDeviceManage\PCDeviceManage\Manage\DisplayManage.cs(40行)
2022-04-28 14:59:53,831 INFO  [30244-6] DisplayManage  修改内屏亮度为：61  D:\yuanx\C#\PCDeviceManage\PCDeviceManage\Manage\DisplayManage.cs(40行)
2022-04-28 14:59:54,072 INFO  [30244-36] DisplayManage  修改内屏亮度为：66  D:\yuanx\C#\PCDeviceManage\PCDeviceManage\Manage\DisplayManage.cs(40行)
2022-04-28 14:59:54,312 INFO  [30244-38] DisplayManage  修改内屏亮度为：67  D:\yuanx\C#\PCDeviceManage\PCDeviceManage\Manage\DisplayManage.cs(40行)
2022-04-28 14:59:54,552 INFO  [30244-38] DisplayManage  修改内屏亮度为：70  D:\yuanx\C#\PCDeviceManage\PCDeviceManage\Manage\DisplayManage.cs(40行)
2022-04-28 14:59:54,871 INFO  [30244-36] DisplayManage  修改内屏亮度为：72  D:\yuanx\C#\PCDeviceManage\PCDeviceManage\Manage\DisplayManage.cs(40行)
2022-04-28 14:59:55,191 INFO  [30244-38] DisplayManage  修改内屏亮度为：78  D:\yuanx\C#\PCDeviceManage\PCDeviceManage\Manage\DisplayManage.cs(40行)
2022-04-28 14:59:55,512 INFO  [30244-36] DisplayManage  修改内屏亮度为：86  D:\yuanx\C#\PCDeviceManage\PCDeviceManage\Manage\DisplayManage.cs(40行)
2022-04-28 14:59:55,911 INFO  [30244-6] DisplayManage  修改内屏亮度为：91  D:\yuanx\C#\PCDeviceManage\PCDeviceManage\Manage\DisplayManage.cs(40行)
2022-04-28 14:59:57,111 INFO  [30244-36] DisplayManage  修改内屏亮度为：90  D:\yuanx\C#\PCDeviceManage\PCDeviceManage\Manage\DisplayManage.cs(40行)
2022-04-28 14:59:57,352 INFO  [30244-6] DisplayManage  修改内屏亮度为：84  D:\yuanx\C#\PCDeviceManage\PCDeviceManage\Manage\DisplayManage.cs(40行)
2022-04-28 14:59:57,591 INFO  [30244-6] DisplayManage  修改内屏亮度为：78  D:\yuanx\C#\PCDeviceManage\PCDeviceManage\Manage\DisplayManage.cs(40行)
2022-04-28 14:59:57,912 INFO  [30244-38] DisplayManage  修改内屏亮度为：77  D:\yuanx\C#\PCDeviceManage\PCDeviceManage\Manage\DisplayManage.cs(40行)
2022-04-28 14:59:58,232 INFO  [30244-36] DisplayManage  修改内屏亮度为：84  D:\yuanx\C#\PCDeviceManage\PCDeviceManage\Manage\DisplayManage.cs(40行)
2022-04-28 14:59:58,562 INFO  [30244-6] DisplayManage  修改内屏亮度为：88  D:\yuanx\C#\PCDeviceManage\PCDeviceManage\Manage\DisplayManage.cs(40行)
2022-04-28 15:00:02,958 INFO  [30244-6] DisplayManage  修改内屏亮度为：89  D:\yuanx\C#\PCDeviceManage\PCDeviceManage\Manage\DisplayManage.cs(40行)
2022-04-28 15:00:03,193 INFO  [30244-36] DisplayManage  修改内屏亮度为：91  D:\yuanx\C#\PCDeviceManage\PCDeviceManage\Manage\DisplayManage.cs(40行)
2022-04-28 15:00:03,438 INFO  [30244-38] DisplayManage  修改内屏亮度为：90  D:\yuanx\C#\PCDeviceManage\PCDeviceManage\Manage\DisplayManage.cs(40行)
2022-04-28 15:00:03,672 INFO  [30244-6] DisplayManage  修改内屏亮度为：86  D:\yuanx\C#\PCDeviceManage\PCDeviceManage\Manage\DisplayManage.cs(40行)
2022-04-28 15:00:03,992 INFO  [30244-36] DisplayManage  修改内屏亮度为：79  D:\yuanx\C#\PCDeviceManage\PCDeviceManage\Manage\DisplayManage.cs(40行)
2022-04-28 15:00:04,233 INFO  [30244-38] DisplayManage  修改内屏亮度为：71  D:\yuanx\C#\PCDeviceManage\PCDeviceManage\Manage\DisplayManage.cs(40行)
2022-04-28 15:00:04,472 INFO  [30244-6] DisplayManage  修改内屏亮度为：69  D:\yuanx\C#\PCDeviceManage\PCDeviceManage\Manage\DisplayManage.cs(40行)
2022-04-28 15:00:04,792 INFO  [30244-36] DisplayManage  修改内屏亮度为：72  D:\yuanx\C#\PCDeviceManage\PCDeviceManage\Manage\DisplayManage.cs(40行)
2022-04-28 15:00:05,032 INFO  [30244-38] DisplayManage  修改内屏亮度为：76  D:\yuanx\C#\PCDeviceManage\PCDeviceManage\Manage\DisplayManage.cs(40行)
2022-04-28 15:00:05,272 INFO  [30244-6] DisplayManage  修改内屏亮度为：77  D:\yuanx\C#\PCDeviceManage\PCDeviceManage\Manage\DisplayManage.cs(40行)
2022-04-28 15:00:05,592 INFO  [30244-36] DisplayManage  修改内屏亮度为：80  D:\yuanx\C#\PCDeviceManage\PCDeviceManage\Manage\DisplayManage.cs(40行)
2022-04-28 15:00:05,912 INFO  [30244-38] DisplayManage  修改内屏亮度为：81  D:\yuanx\C#\PCDeviceManage\PCDeviceManage\Manage\DisplayManage.cs(40行)
2022-04-28 15:00:06,192 INFO  [30244-6] DisplayManage  修改内屏亮度为：83  D:\yuanx\C#\PCDeviceManage\PCDeviceManage\Manage\DisplayManage.cs(40行)
2022-04-28 15:00:06,513 INFO  [30244-36] DisplayManage  修改内屏亮度为：85  D:\yuanx\C#\PCDeviceManage\PCDeviceManage\Manage\DisplayManage.cs(40行)
2022-04-28 15:00:06,713 INFO  [30244-38] DisplayManage  修改内屏亮度为：87  D:\yuanx\C#\PCDeviceManage\PCDeviceManage\Manage\DisplayManage.cs(40行)
2022-04-28 15:00:06,952 INFO  [30244-6] DisplayManage  修改内屏亮度为：89  D:\yuanx\C#\PCDeviceManage\PCDeviceManage\Manage\DisplayManage.cs(40行)
2022-04-28 15:00:07,192 INFO  [30244-36] DisplayManage  修改内屏亮度为：90  D:\yuanx\C#\PCDeviceManage\PCDeviceManage\Manage\DisplayManage.cs(40行)
2022-04-28 15:00:07,512 INFO  [30244-38] DisplayManage  修改内屏亮度为：91  D:\yuanx\C#\PCDeviceManage\PCDeviceManage\Manage\DisplayManage.cs(40行)
2022-04-28 15:00:07,832 INFO  [30244-6] DisplayManage  修改内屏亮度为：93  D:\yuanx\C#\PCDeviceManage\PCDeviceManage\Manage\DisplayManage.cs(40行)
2022-04-28 15:00:08,313 INFO  [30244-36] DisplayManage  修改内屏亮度为：94  D:\yuanx\C#\PCDeviceManage\PCDeviceManage\Manage\DisplayManage.cs(40行)
2022-04-28 15:00:08,632 INFO  [30244-38] DisplayManage  修改内屏亮度为：95  D:\yuanx\C#\PCDeviceManage\PCDeviceManage\Manage\DisplayManage.cs(40行)
2022-04-28 15:00:08,953 INFO  [30244-6] DisplayManage  修改内屏亮度为：98  D:\yuanx\C#\PCDeviceManage\PCDeviceManage\Manage\DisplayManage.cs(40行)
2022-04-28 15:00:12,235 INFO  [30244-36] DisplayManage  修改内屏亮度为：96  D:\yuanx\C#\PCDeviceManage\PCDeviceManage\Manage\DisplayManage.cs(40行)
2022-04-28 15:00:12,472 INFO  [30244-6] DisplayManage  修改内屏亮度为：92  D:\yuanx\C#\PCDeviceManage\PCDeviceManage\Manage\DisplayManage.cs(40行)
2022-04-28 15:00:12,793 INFO  [30244-38] DisplayManage  修改内屏亮度为：90  D:\yuanx\C#\PCDeviceManage\PCDeviceManage\Manage\DisplayManage.cs(40行)
2022-04-28 15:00:13,591 INFO  [30244-36] DisplayManage  修改内屏亮度为：91  D:\yuanx\C#\PCDeviceManage\PCDeviceManage\Manage\DisplayManage.cs(40行)
2022-04-28 15:00:13,912 INFO  [30244-6] DisplayManage  修改内屏亮度为：92  D:\yuanx\C#\PCDeviceManage\PCDeviceManage\Manage\DisplayManage.cs(40行)
2022-04-28 15:00:14,233 INFO  [30244-38] DisplayManage  修改内屏亮度为：93  D:\yuanx\C#\PCDeviceManage\PCDeviceManage\Manage\DisplayManage.cs(40行)
2022-04-28 15:00:14,552 INFO  [30244-36] DisplayManage  修改内屏亮度为：95  D:\yuanx\C#\PCDeviceManage\PCDeviceManage\Manage\DisplayManage.cs(40行)
2022-04-28 15:00:15,352 INFO  [30244-36] DisplayManage  修改内屏亮度为：97  D:\yuanx\C#\PCDeviceManage\PCDeviceManage\Manage\DisplayManage.cs(40行)
