--------------------------------------------------【Header】--------------------------------------------------
2022-05-10 23:16:45,123 WARN  [30192-1] Program.Main  开放Zyan端口15092成功  D:\yuanx\C#\PCDeviceManage\PCDeviceManage\Program.cs(102行)
2022-05-10 23:16:48,722 INFO  [30192-6] DisplayInfo  DisplayInformation.GetDisplayMonitorsAsync() 获取到设备数量：2  D:\yuanx\C#\PCDeviceManage\PCDeviceManage\Monitor\DisplayInfo.cs(63行)
2022-05-10 23:16:48,744 INFO  [30192-6] DisplayInfo  [{"DeviceInstanceId":"DISPLAY\\MSI3CA3\\5&14475071&0&UID4356","DisplayName":"MSI PAG271CQR","IsInternal":false,"ConnectionDescription":"HDMI","PhysicalSize":26.9708023},{"DeviceInstanceId":"DISPLAY\\CSO1609\\5&14475071&0&UID4357","DisplayName":"","IsInternal":true,"ConnectionDescription":"Internal","PhysicalSize":16.0043125}]  D:\yuanx\C#\PCDeviceManage\PCDeviceManage\Monitor\DisplayInfo.cs(65行)
2022-05-10 23:16:48,749 INFO  [30192-6] DisplayInfoGet   DisplayInfo.GetDisplayMonitorsAsync()获取到显示器数量：2  D:\yuanx\C#\PCDeviceManage\PCDeviceManage\Monitor\DisplayInfoGet.cs(48行)
2022-05-10 23:16:48,756 INFO  [30192-6] DisplayContext  EnumerateDevices() 开始获取显示器枚举信息  D:\yuanx\C#\PCDeviceManage\PCDeviceManage\Monitor\DisplayContext.cs(73行)
2022-05-10 23:16:48,759 INFO  [30192-6] DisplayContext  EnumDisplayDevices() 获取到设备枚举信息 displayName:\\.\DISPLAY1  D:\yuanx\C#\PCDeviceManage\PCDeviceManage\Monitor\DisplayContext.cs(77行)
2022-05-10 23:16:48,760 INFO  [30192-6] DisplayContext  TryGetDisplayIndex() 获取到设备序号 displayIndex:1  D:\yuanx\C#\PCDeviceManage\PCDeviceManage\Monitor\DisplayContext.cs(85行)
2022-05-10 23:16:48,761 INFO  [30192-6] DisplayContext  EnumDisplayDevices() 获取到设备枚举信息 displayName:\\.\DISPLAY2  D:\yuanx\C#\PCDeviceManage\PCDeviceManage\Monitor\DisplayContext.cs(77行)
2022-05-10 23:16:48,762 INFO  [30192-6] DisplayContext  TryGetDisplayIndex() 获取到设备序号 displayIndex:2  D:\yuanx\C#\PCDeviceManage\PCDeviceManage\Monitor\DisplayContext.cs(85行)
2022-05-10 23:16:48,762 INFO  [30192-6] DisplayContext  EnumDisplayDevices() 获取到设备枚举信息 displayName:\\.\DISPLAY3  D:\yuanx\C#\PCDeviceManage\PCDeviceManage\Monitor\DisplayContext.cs(77行)
2022-05-10 23:16:48,763 INFO  [30192-6] DisplayContext  TryGetDisplayIndex() 获取到设备序号 displayIndex:3  D:\yuanx\C#\PCDeviceManage\PCDeviceManage\Monitor\DisplayContext.cs(85行)
2022-05-10 23:16:48,764 INFO  [30192-6] DisplayContext  EnumDisplayDevices() 获取到设备枚举信息 displayName:\\.\DISPLAY4  D:\yuanx\C#\PCDeviceManage\PCDeviceManage\Monitor\DisplayContext.cs(77行)
2022-05-10 23:16:48,764 INFO  [30192-6] DisplayContext  TryGetDisplayIndex() 获取到设备序号 displayIndex:4  D:\yuanx\C#\PCDeviceManage\PCDeviceManage\Monitor\DisplayContext.cs(85行)
2022-05-10 23:16:48,767 INFO  [30192-6] DisplayInfoGet  [{"DeviceInstanceId":"DISPLAY\\MSI3CA3\\5&14475071&0&UID4356","Description":"Generic PnP Monitor","DisplayIndex":1,"MonitorIndex":0}]  D:\yuanx\C#\PCDeviceManage\PCDeviceManage\Monitor\DisplayInfoGet.cs(52行)
2022-05-10 23:16:48,768 INFO  [30192-6] DisplayInfoGet  GetDisplayList()获取到显示器数量：1  D:\yuanx\C#\PCDeviceManage\PCDeviceManage\Monitor\DisplayInfoGet.cs(89行)
2022-05-10 23:16:57,639 INFO  [30192-6] DisplayInfo  DisplayInformation.GetDisplayMonitorsAsync() 获取到设备数量：2  D:\yuanx\C#\PCDeviceManage\PCDeviceManage\Monitor\DisplayInfo.cs(63行)
2022-05-10 23:16:57,643 INFO  [30192-6] DisplayInfo  [{"DeviceInstanceId":"DISPLAY\\MSI3CA3\\5&14475071&0&UID4356","DisplayName":"MSI PAG271CQR","IsInternal":false,"ConnectionDescription":"HDMI","PhysicalSize":26.9708023},{"DeviceInstanceId":"DISPLAY\\CSO1609\\5&14475071&0&UID4357","DisplayName":"","IsInternal":true,"ConnectionDescription":"Internal","PhysicalSize":16.0043125}]  D:\yuanx\C#\PCDeviceManage\PCDeviceManage\Monitor\DisplayInfo.cs(65行)
2022-05-10 23:16:57,644 INFO  [30192-6] DisplayInfoGet   DisplayInfo.GetDisplayMonitorsAsync()获取到显示器数量：2  D:\yuanx\C#\PCDeviceManage\PCDeviceManage\Monitor\DisplayInfoGet.cs(48行)
2022-05-10 23:16:57,644 INFO  [30192-6] DisplayContext  EnumerateDevices() 开始获取显示器枚举信息  D:\yuanx\C#\PCDeviceManage\PCDeviceManage\Monitor\DisplayContext.cs(73行)
2022-05-10 23:16:57,645 INFO  [30192-6] DisplayContext  EnumDisplayDevices() 获取到设备枚举信息 displayName:\\.\DISPLAY1  D:\yuanx\C#\PCDeviceManage\PCDeviceManage\Monitor\DisplayContext.cs(77行)
2022-05-10 23:16:57,646 INFO  [30192-6] DisplayContext  TryGetDisplayIndex() 获取到设备序号 displayIndex:1  D:\yuanx\C#\PCDeviceManage\PCDeviceManage\Monitor\DisplayContext.cs(85行)
2022-05-10 23:16:57,647 INFO  [30192-6] DisplayContext  EnumDisplayDevices() 获取到设备枚举信息 displayName:\\.\DISPLAY2  D:\yuanx\C#\PCDeviceManage\PCDeviceManage\Monitor\DisplayContext.cs(77行)
2022-05-10 23:16:57,647 INFO  [30192-6] DisplayContext  TryGetDisplayIndex() 获取到设备序号 displayIndex:2  D:\yuanx\C#\PCDeviceManage\PCDeviceManage\Monitor\DisplayContext.cs(85行)
2022-05-10 23:16:57,648 INFO  [30192-6] DisplayContext  EnumDisplayDevices() 获取到设备枚举信息 displayName:\\.\DISPLAY3  D:\yuanx\C#\PCDeviceManage\PCDeviceManage\Monitor\DisplayContext.cs(77行)
2022-05-10 23:16:57,648 INFO  [30192-6] DisplayContext  TryGetDisplayIndex() 获取到设备序号 displayIndex:3  D:\yuanx\C#\PCDeviceManage\PCDeviceManage\Monitor\DisplayContext.cs(85行)
2022-05-10 23:16:57,649 INFO  [30192-6] DisplayContext  EnumDisplayDevices() 获取到设备枚举信息 displayName:\\.\DISPLAY4  D:\yuanx\C#\PCDeviceManage\PCDeviceManage\Monitor\DisplayContext.cs(77行)
2022-05-10 23:16:57,650 INFO  [30192-6] DisplayContext  TryGetDisplayIndex() 获取到设备序号 displayIndex:4  D:\yuanx\C#\PCDeviceManage\PCDeviceManage\Monitor\DisplayContext.cs(85行)
2022-05-10 23:16:57,651 INFO  [30192-6] DisplayInfoGet  [{"DeviceInstanceId":"DISPLAY\\MSI3CA3\\5&14475071&0&UID4356","Description":"Generic PnP Monitor","DisplayIndex":1,"MonitorIndex":0}]  D:\yuanx\C#\PCDeviceManage\PCDeviceManage\Monitor\DisplayInfoGet.cs(52行)
2022-05-10 23:16:57,651 INFO  [30192-6] DisplayInfoGet  GetDisplayList()获取到显示器数量：1  D:\yuanx\C#\PCDeviceManage\PCDeviceManage\Monitor\DisplayInfoGet.cs(89行)
2022-05-10 23:17:05,856 INFO  [30192-11] WindowsManage  开始锁定计算机。  D:\yuanx\C#\PCDeviceManage\PCDeviceManage\Manage\WindowsManage.cs(90行)
2022-05-10 23:17:08,644 INFO  [30192-11] WindowsManage  开始锁定计算机。  D:\yuanx\C#\PCDeviceManage\PCDeviceManage\Manage\WindowsManage.cs(90行)
