--------------------------------------------------【Header】--------------------------------------------------
2022-07-23 10:51:24,642 WARN  [35964-1] Program.Main  开放Zyan端口15092成功  D:\yuanx\C#\PCDeviceManage\PCDeviceManage\Program.cs(102行)
2022-07-23 10:51:24,895 INFO  [35964-6] DisplayInfo  DisplayInformation.GetDisplayMonitorsAsync() 获取到设备数量：2  D:\yuanx\C#\PCDeviceManage\PCDeviceManage\Monitor\DisplayInfo.cs(63行)
2022-07-23 10:51:25,020 INFO  [35964-6] DisplayInfo  [{"DeviceInstanceId":"DISPLAY\\MSI3CA3\\5&14475071&0&UID4356","DisplayName":"MSI PAG271CQR","IsInternal":false,"ConnectionDescription":"HDMI","PhysicalSize":26.9708023},{"DeviceInstanceId":"DISPLAY\\CSO1609\\5&14475071&0&UID4357","DisplayName":"","IsInternal":true,"ConnectionDescription":"Internal","PhysicalSize":16.0043125}]  D:\yuanx\C#\PCDeviceManage\PCDeviceManage\Monitor\DisplayInfo.cs(65行)
2022-07-23 10:51:25,021 INFO  [35964-6] DisplayInfoGet   DisplayInfo.GetDisplayMonitorsAsync()获取到显示器数量：2  D:\yuanx\C#\PCDeviceManage\PCDeviceManage\Monitor\DisplayInfoGet.cs(48行)
2022-07-23 10:51:25,032 INFO  [35964-6] DisplayContext  EnumerateDevices() 开始获取显示器枚举信息  D:\yuanx\C#\PCDeviceManage\PCDeviceManage\Monitor\DisplayContext.cs(73行)
2022-07-23 10:51:25,036 INFO  [35964-6] DisplayContext  EnumDisplayDevices() 获取到设备枚举信息 displayName:\\.\DISPLAY1  D:\yuanx\C#\PCDeviceManage\PCDeviceManage\Monitor\DisplayContext.cs(77行)
2022-07-23 10:51:25,037 INFO  [35964-6] DisplayContext  TryGetDisplayIndex() 获取到设备序号 displayIndex:1  D:\yuanx\C#\PCDeviceManage\PCDeviceManage\Monitor\DisplayContext.cs(85行)
2022-07-23 10:51:25,040 INFO  [35964-6] DisplayContext  EnumDisplayDevices() 获取到设备枚举信息 displayName:\\.\DISPLAY2  D:\yuanx\C#\PCDeviceManage\PCDeviceManage\Monitor\DisplayContext.cs(77行)
2022-07-23 10:51:25,041 INFO  [35964-6] DisplayContext  TryGetDisplayIndex() 获取到设备序号 displayIndex:2  D:\yuanx\C#\PCDeviceManage\PCDeviceManage\Monitor\DisplayContext.cs(85行)
2022-07-23 10:51:25,042 INFO  [35964-6] DisplayContext  EnumDisplayDevices() 获取到设备枚举信息 displayName:\\.\DISPLAY3  D:\yuanx\C#\PCDeviceManage\PCDeviceManage\Monitor\DisplayContext.cs(77行)
2022-07-23 10:51:25,043 INFO  [35964-6] DisplayContext  TryGetDisplayIndex() 获取到设备序号 displayIndex:3  D:\yuanx\C#\PCDeviceManage\PCDeviceManage\Monitor\DisplayContext.cs(85行)
2022-07-23 10:51:25,045 INFO  [35964-6] DisplayContext  EnumDisplayDevices() 获取到设备枚举信息 displayName:\\.\DISPLAY4  D:\yuanx\C#\PCDeviceManage\PCDeviceManage\Monitor\DisplayContext.cs(77行)
2022-07-23 10:51:25,046 INFO  [35964-6] DisplayContext  TryGetDisplayIndex() 获取到设备序号 displayIndex:4  D:\yuanx\C#\PCDeviceManage\PCDeviceManage\Monitor\DisplayContext.cs(85行)
2022-07-23 10:51:25,050 INFO  [35964-6] DisplayInfoGet  [{"DeviceInstanceId":"DISPLAY\\MSI3CA3\\5&14475071&0&UID4356","Description":"Generic PnP Monitor","DisplayIndex":1,"MonitorIndex":0}]  D:\yuanx\C#\PCDeviceManage\PCDeviceManage\Monitor\DisplayInfoGet.cs(52行)
2022-07-23 10:51:25,052 INFO  [35964-6] DisplayInfoGet  GetDisplayList()获取到显示器数量：1  D:\yuanx\C#\PCDeviceManage\PCDeviceManage\Monitor\DisplayInfoGet.cs(89行)
2022-07-23 10:51:35,415 INFO  [35964-7] DisplayInfo  DisplayInformation.GetDisplayMonitorsAsync() 获取到设备数量：2  D:\yuanx\C#\PCDeviceManage\PCDeviceManage\Monitor\DisplayInfo.cs(63行)
2022-07-23 10:51:35,420 INFO  [35964-7] DisplayInfo  [{"DeviceInstanceId":"DISPLAY\\MSI3CA3\\5&14475071&0&UID4356","DisplayName":"MSI PAG271CQR","IsInternal":false,"ConnectionDescription":"HDMI","PhysicalSize":26.9708023},{"DeviceInstanceId":"DISPLAY\\CSO1609\\5&14475071&0&UID4357","DisplayName":"","IsInternal":true,"ConnectionDescription":"Internal","PhysicalSize":16.0043125}]  D:\yuanx\C#\PCDeviceManage\PCDeviceManage\Monitor\DisplayInfo.cs(65行)
2022-07-23 10:51:35,421 INFO  [35964-7] DisplayInfoGet   DisplayInfo.GetDisplayMonitorsAsync()获取到显示器数量：2  D:\yuanx\C#\PCDeviceManage\PCDeviceManage\Monitor\DisplayInfoGet.cs(48行)
2022-07-23 10:51:35,422 INFO  [35964-7] DisplayContext  EnumerateDevices() 开始获取显示器枚举信息  D:\yuanx\C#\PCDeviceManage\PCDeviceManage\Monitor\DisplayContext.cs(73行)
2022-07-23 10:51:35,423 INFO  [35964-7] DisplayContext  EnumDisplayDevices() 获取到设备枚举信息 displayName:\\.\DISPLAY1  D:\yuanx\C#\PCDeviceManage\PCDeviceManage\Monitor\DisplayContext.cs(77行)
2022-07-23 10:51:35,424 INFO  [35964-7] DisplayContext  TryGetDisplayIndex() 获取到设备序号 displayIndex:1  D:\yuanx\C#\PCDeviceManage\PCDeviceManage\Monitor\DisplayContext.cs(85行)
2022-07-23 10:51:35,425 INFO  [35964-7] DisplayContext  EnumDisplayDevices() 获取到设备枚举信息 displayName:\\.\DISPLAY2  D:\yuanx\C#\PCDeviceManage\PCDeviceManage\Monitor\DisplayContext.cs(77行)
2022-07-23 10:51:35,426 INFO  [35964-7] DisplayContext  TryGetDisplayIndex() 获取到设备序号 displayIndex:2  D:\yuanx\C#\PCDeviceManage\PCDeviceManage\Monitor\DisplayContext.cs(85行)
2022-07-23 10:51:35,427 INFO  [35964-7] DisplayContext  EnumDisplayDevices() 获取到设备枚举信息 displayName:\\.\DISPLAY3  D:\yuanx\C#\PCDeviceManage\PCDeviceManage\Monitor\DisplayContext.cs(77行)
2022-07-23 10:51:35,428 INFO  [35964-7] DisplayContext  TryGetDisplayIndex() 获取到设备序号 displayIndex:3  D:\yuanx\C#\PCDeviceManage\PCDeviceManage\Monitor\DisplayContext.cs(85行)
2022-07-23 10:51:35,429 INFO  [35964-7] DisplayContext  EnumDisplayDevices() 获取到设备枚举信息 displayName:\\.\DISPLAY4  D:\yuanx\C#\PCDeviceManage\PCDeviceManage\Monitor\DisplayContext.cs(77行)
2022-07-23 10:51:35,429 INFO  [35964-7] DisplayContext  TryGetDisplayIndex() 获取到设备序号 displayIndex:4  D:\yuanx\C#\PCDeviceManage\PCDeviceManage\Monitor\DisplayContext.cs(85行)
2022-07-23 10:51:35,431 INFO  [35964-7] DisplayInfoGet  [{"DeviceInstanceId":"DISPLAY\\MSI3CA3\\5&14475071&0&UID4356","Description":"Generic PnP Monitor","DisplayIndex":1,"MonitorIndex":0}]  D:\yuanx\C#\PCDeviceManage\PCDeviceManage\Monitor\DisplayInfoGet.cs(52行)
2022-07-23 10:51:35,431 INFO  [35964-7] DisplayInfoGet  GetDisplayList()获取到显示器数量：1  D:\yuanx\C#\PCDeviceManage\PCDeviceManage\Monitor\DisplayInfoGet.cs(89行)
2022-07-23 11:03:07,375 INFO  [35964-6] DisplayInfo  DisplayInformation.GetDisplayMonitorsAsync() 获取到设备数量：2  D:\yuanx\C#\PCDeviceManage\PCDeviceManage\Monitor\DisplayInfo.cs(63行)
2022-07-23 11:03:07,379 INFO  [35964-6] DisplayInfo  [{"DeviceInstanceId":"DISPLAY\\MSI3CA3\\5&14475071&0&UID4356","DisplayName":"MSI PAG271CQR","IsInternal":false,"ConnectionDescription":"HDMI","PhysicalSize":26.9708023},{"DeviceInstanceId":"DISPLAY\\CSO1609\\5&14475071&0&UID4357","DisplayName":"","IsInternal":true,"ConnectionDescription":"Internal","PhysicalSize":16.0043125}]  D:\yuanx\C#\PCDeviceManage\PCDeviceManage\Monitor\DisplayInfo.cs(65行)
2022-07-23 11:03:07,380 INFO  [35964-6] DisplayInfoGet   DisplayInfo.GetDisplayMonitorsAsync()获取到显示器数量：2  D:\yuanx\C#\PCDeviceManage\PCDeviceManage\Monitor\DisplayInfoGet.cs(48行)
2022-07-23 11:03:07,380 INFO  [35964-6] DisplayContext  EnumerateDevices() 开始获取显示器枚举信息  D:\yuanx\C#\PCDeviceManage\PCDeviceManage\Monitor\DisplayContext.cs(73行)
2022-07-23 11:03:07,381 INFO  [35964-6] DisplayContext  EnumDisplayDevices() 获取到设备枚举信息 displayName:\\.\DISPLAY1  D:\yuanx\C#\PCDeviceManage\PCDeviceManage\Monitor\DisplayContext.cs(77行)
2022-07-23 11:03:07,382 INFO  [35964-6] DisplayContext  TryGetDisplayIndex() 获取到设备序号 displayIndex:1  D:\yuanx\C#\PCDeviceManage\PCDeviceManage\Monitor\DisplayContext.cs(85行)
2022-07-23 11:03:07,383 INFO  [35964-6] DisplayContext  EnumDisplayDevices() 获取到设备枚举信息 displayName:\\.\DISPLAY2  D:\yuanx\C#\PCDeviceManage\PCDeviceManage\Monitor\DisplayContext.cs(77行)
2022-07-23 11:03:07,384 INFO  [35964-6] DisplayContext  TryGetDisplayIndex() 获取到设备序号 displayIndex:2  D:\yuanx\C#\PCDeviceManage\PCDeviceManage\Monitor\DisplayContext.cs(85行)
2022-07-23 11:03:07,385 INFO  [35964-6] DisplayContext  EnumDisplayDevices() 获取到设备枚举信息 displayName:\\.\DISPLAY3  D:\yuanx\C#\PCDeviceManage\PCDeviceManage\Monitor\DisplayContext.cs(77行)
2022-07-23 11:03:07,386 INFO  [35964-6] DisplayContext  TryGetDisplayIndex() 获取到设备序号 displayIndex:3  D:\yuanx\C#\PCDeviceManage\PCDeviceManage\Monitor\DisplayContext.cs(85行)
2022-07-23 11:03:07,387 INFO  [35964-6] DisplayContext  EnumDisplayDevices() 获取到设备枚举信息 displayName:\\.\DISPLAY4  D:\yuanx\C#\PCDeviceManage\PCDeviceManage\Monitor\DisplayContext.cs(77行)
2022-07-23 11:03:07,388 INFO  [35964-6] DisplayContext  TryGetDisplayIndex() 获取到设备序号 displayIndex:4  D:\yuanx\C#\PCDeviceManage\PCDeviceManage\Monitor\DisplayContext.cs(85行)
2022-07-23 11:03:07,389 INFO  [35964-6] DisplayInfoGet  [{"DeviceInstanceId":"DISPLAY\\MSI3CA3\\5&14475071&0&UID4356","Description":"Generic PnP Monitor","DisplayIndex":1,"MonitorIndex":0}]  D:\yuanx\C#\PCDeviceManage\PCDeviceManage\Monitor\DisplayInfoGet.cs(52行)
2022-07-23 11:03:07,390 INFO  [35964-6] DisplayInfoGet  GetDisplayList()获取到显示器数量：1  D:\yuanx\C#\PCDeviceManage\PCDeviceManage\Monitor\DisplayInfoGet.cs(89行)
2022-07-23 11:29:45,618 INFO  [35964-11] DisplayManage  修改外屏亮度为：64  D:\yuanx\C#\PCDeviceManage\PCDeviceManage\Manage\DisplayManage.cs(40行)
2022-07-23 11:29:45,772 INFO  [35964-6] DisplayManage  修改外屏亮度为：33  D:\yuanx\C#\PCDeviceManage\PCDeviceManage\Manage\DisplayManage.cs(40行)
2022-07-23 11:29:45,922 INFO  [35964-6] DisplayManage  修改外屏亮度为：27  D:\yuanx\C#\PCDeviceManage\PCDeviceManage\Manage\DisplayManage.cs(40行)
2022-07-23 11:29:46,075 INFO  [35964-11] DisplayManage  修改外屏亮度为：40  D:\yuanx\C#\PCDeviceManage\PCDeviceManage\Manage\DisplayManage.cs(40行)
2022-07-23 11:29:46,257 INFO  [35964-12] DisplayManage  修改外屏亮度为：74  D:\yuanx\C#\PCDeviceManage\PCDeviceManage\Manage\DisplayManage.cs(40行)
2022-07-23 11:29:47,724 INFO  [35964-11] DisplayManage  修改外屏亮度为：73  D:\yuanx\C#\PCDeviceManage\PCDeviceManage\Manage\DisplayManage.cs(40行)
2022-07-23 11:29:47,894 INFO  [35964-6] DisplayManage  修改外屏亮度为：43  D:\yuanx\C#\PCDeviceManage\PCDeviceManage\Manage\DisplayManage.cs(40行)
2022-07-23 11:29:48,069 INFO  [35964-12] DisplayManage  修改外屏亮度为：36  D:\yuanx\C#\PCDeviceManage\PCDeviceManage\Manage\DisplayManage.cs(40行)
2022-07-23 11:29:48,217 INFO  [35964-11] DisplayManage  修改外屏亮度为：40  D:\yuanx\C#\PCDeviceManage\PCDeviceManage\Manage\DisplayManage.cs(40行)
2022-07-23 11:29:48,368 INFO  [35964-6] DisplayManage  修改外屏亮度为：69  D:\yuanx\C#\PCDeviceManage\PCDeviceManage\Manage\DisplayManage.cs(40行)
2022-07-23 11:29:48,515 INFO  [35964-12] DisplayManage  修改外屏亮度为：78  D:\yuanx\C#\PCDeviceManage\PCDeviceManage\Manage\DisplayManage.cs(40行)
2022-07-23 11:29:48,659 INFO  [35964-11] DisplayManage  修改外屏亮度为：80  D:\yuanx\C#\PCDeviceManage\PCDeviceManage\Manage\DisplayManage.cs(40行)
2022-07-23 11:29:48,802 INFO  [35964-11] DisplayManage  修改外屏亮度为：81  D:\yuanx\C#\PCDeviceManage\PCDeviceManage\Manage\DisplayManage.cs(40行)
2022-07-23 11:29:48,951 INFO  [35964-6] DisplayManage  修改外屏亮度为：80  D:\yuanx\C#\PCDeviceManage\PCDeviceManage\Manage\DisplayManage.cs(40行)
2022-07-23 11:29:49,107 INFO  [35964-12] DisplayManage  修改外屏亮度为：34  D:\yuanx\C#\PCDeviceManage\PCDeviceManage\Manage\DisplayManage.cs(40行)
2022-07-23 11:29:49,283 INFO  [35964-12] DisplayManage  修改外屏亮度为：23  D:\yuanx\C#\PCDeviceManage\PCDeviceManage\Manage\DisplayManage.cs(40行)
2022-07-23 11:29:49,467 INFO  [35964-6] DisplayManage  修改外屏亮度为：27  D:\yuanx\C#\PCDeviceManage\PCDeviceManage\Manage\DisplayManage.cs(40行)
2022-07-23 11:29:49,617 INFO  [35964-6] DisplayManage  修改外屏亮度为：50  D:\yuanx\C#\PCDeviceManage\PCDeviceManage\Manage\DisplayManage.cs(40行)
2022-07-23 11:29:49,771 INFO  [35964-12] DisplayManage  修改外屏亮度为：68  D:\yuanx\C#\PCDeviceManage\PCDeviceManage\Manage\DisplayManage.cs(40行)
2022-07-23 11:29:49,915 INFO  [35964-11] DisplayManage  修改外屏亮度为：73  D:\yuanx\C#\PCDeviceManage\PCDeviceManage\Manage\DisplayManage.cs(40行)
2022-07-23 11:29:50,065 INFO  [35964-6] DisplayManage  修改外屏亮度为：76  D:\yuanx\C#\PCDeviceManage\PCDeviceManage\Manage\DisplayManage.cs(40行)
2022-07-23 11:29:50,324 INFO  [35964-6] DisplayManage  修改外屏亮度为：77  D:\yuanx\C#\PCDeviceManage\PCDeviceManage\Manage\DisplayManage.cs(40行)
2022-07-23 11:29:50,488 INFO  [35964-11] DisplayManage  修改外屏亮度为：81  D:\yuanx\C#\PCDeviceManage\PCDeviceManage\Manage\DisplayManage.cs(40行)
2022-07-23 11:30:02,875 INFO  [35964-6] DisplayManage  修改外屏亮度为：26  D:\yuanx\C#\PCDeviceManage\PCDeviceManage\Manage\DisplayManage.cs(40行)
2022-07-23 11:30:03,438 INFO  [35964-11] DisplayManage  修改外屏亮度为：77  D:\yuanx\C#\PCDeviceManage\PCDeviceManage\Manage\DisplayManage.cs(40行)
2022-07-23 11:30:03,788 INFO  [35964-12] DisplayManage  修改外屏亮度为：85  D:\yuanx\C#\PCDeviceManage\PCDeviceManage\Manage\DisplayManage.cs(40行)
2022-07-23 11:55:14,809 INFO  [35964-21] DisplayInfo  DisplayInformation.GetDisplayMonitorsAsync() 获取到设备数量：2  D:\yuanx\C#\PCDeviceManage\PCDeviceManage\Monitor\DisplayInfo.cs(63行)
2022-07-23 11:55:14,810 INFO  [35964-21] DisplayInfo  [{"DeviceInstanceId":"DISPLAY\\MSI3CA3\\5&14475071&0&UID4356","DisplayName":"MSI PAG271CQR","IsInternal":false,"ConnectionDescription":"HDMI","PhysicalSize":26.9708023},{"DeviceInstanceId":"DISPLAY\\CSO1609\\5&14475071&0&UID4357","DisplayName":"","IsInternal":true,"ConnectionDescription":"Internal","PhysicalSize":16.0043125}]  D:\yuanx\C#\PCDeviceManage\PCDeviceManage\Monitor\DisplayInfo.cs(65行)
2022-07-23 11:55:14,811 INFO  [35964-21] DisplayInfoGet   DisplayInfo.GetDisplayMonitorsAsync()获取到显示器数量：2  D:\yuanx\C#\PCDeviceManage\PCDeviceManage\Monitor\DisplayInfoGet.cs(48行)
2022-07-23 11:55:14,811 INFO  [35964-21] DisplayContext  EnumerateDevices() 开始获取显示器枚举信息  D:\yuanx\C#\PCDeviceManage\PCDeviceManage\Monitor\DisplayContext.cs(73行)
2022-07-23 11:55:14,812 INFO  [35964-21] DisplayContext  EnumDisplayDevices() 获取到设备枚举信息 displayName:\\.\DISPLAY1  D:\yuanx\C#\PCDeviceManage\PCDeviceManage\Monitor\DisplayContext.cs(77行)
2022-07-23 11:55:14,813 INFO  [35964-21] DisplayContext  TryGetDisplayIndex() 获取到设备序号 displayIndex:1  D:\yuanx\C#\PCDeviceManage\PCDeviceManage\Monitor\DisplayContext.cs(85行)
2022-07-23 11:55:14,815 INFO  [35964-21] DisplayContext  EnumDisplayDevices() 获取到设备枚举信息 displayName:\\.\DISPLAY2  D:\yuanx\C#\PCDeviceManage\PCDeviceManage\Monitor\DisplayContext.cs(77行)
2022-07-23 11:55:14,815 INFO  [35964-21] DisplayContext  TryGetDisplayIndex() 获取到设备序号 displayIndex:2  D:\yuanx\C#\PCDeviceManage\PCDeviceManage\Monitor\DisplayContext.cs(85行)
2022-07-23 11:55:14,816 INFO  [35964-21] DisplayContext  EnumDisplayDevices() 获取到设备枚举信息 displayName:\\.\DISPLAY3  D:\yuanx\C#\PCDeviceManage\PCDeviceManage\Monitor\DisplayContext.cs(77行)
2022-07-23 11:55:14,817 INFO  [35964-21] DisplayContext  TryGetDisplayIndex() 获取到设备序号 displayIndex:3  D:\yuanx\C#\PCDeviceManage\PCDeviceManage\Monitor\DisplayContext.cs(85行)
2022-07-23 11:55:14,818 INFO  [35964-21] DisplayContext  EnumDisplayDevices() 获取到设备枚举信息 displayName:\\.\DISPLAY4  D:\yuanx\C#\PCDeviceManage\PCDeviceManage\Monitor\DisplayContext.cs(77行)
2022-07-23 11:55:14,819 INFO  [35964-21] DisplayContext  TryGetDisplayIndex() 获取到设备序号 displayIndex:4  D:\yuanx\C#\PCDeviceManage\PCDeviceManage\Monitor\DisplayContext.cs(85行)
2022-07-23 11:55:14,820 INFO  [35964-21] DisplayInfoGet  [{"DeviceInstanceId":"DISPLAY\\MSI3CA3\\5&14475071&0&UID4356","Description":"Generic PnP Monitor","DisplayIndex":1,"MonitorIndex":0}]  D:\yuanx\C#\PCDeviceManage\PCDeviceManage\Monitor\DisplayInfoGet.cs(52行)
2022-07-23 11:55:14,820 INFO  [35964-21] DisplayInfoGet  GetDisplayList()获取到显示器数量：1  D:\yuanx\C#\PCDeviceManage\PCDeviceManage\Monitor\DisplayInfoGet.cs(89行)
2022-07-23 12:40:59,115 INFO  [35964-6] DisplayInfo  DisplayInformation.GetDisplayMonitorsAsync() 获取到设备数量：2  D:\yuanx\C#\PCDeviceManage\PCDeviceManage\Monitor\DisplayInfo.cs(63行)
2022-07-23 12:40:59,116 INFO  [35964-6] DisplayInfo  [{"DeviceInstanceId":"DISPLAY\\MSI3CA3\\5&14475071&0&UID4356","DisplayName":"MSI PAG271CQR","IsInternal":false,"ConnectionDescription":"HDMI","PhysicalSize":26.9708023},{"DeviceInstanceId":"DISPLAY\\CSO1609\\5&14475071&0&UID4357","DisplayName":"","IsInternal":true,"ConnectionDescription":"Internal","PhysicalSize":16.0043125}]  D:\yuanx\C#\PCDeviceManage\PCDeviceManage\Monitor\DisplayInfo.cs(65行)
2022-07-23 12:40:59,117 INFO  [35964-6] DisplayInfoGet   DisplayInfo.GetDisplayMonitorsAsync()获取到显示器数量：2  D:\yuanx\C#\PCDeviceManage\PCDeviceManage\Monitor\DisplayInfoGet.cs(48行)
2022-07-23 12:40:59,117 INFO  [35964-6] DisplayContext  EnumerateDevices() 开始获取显示器枚举信息  D:\yuanx\C#\PCDeviceManage\PCDeviceManage\Monitor\DisplayContext.cs(73行)
2022-07-23 12:40:59,118 INFO  [35964-6] DisplayContext  EnumDisplayDevices() 获取到设备枚举信息 displayName:\\.\DISPLAY1  D:\yuanx\C#\PCDeviceManage\PCDeviceManage\Monitor\DisplayContext.cs(77行)
2022-07-23 12:40:59,119 INFO  [35964-6] DisplayContext  TryGetDisplayIndex() 获取到设备序号 displayIndex:1  D:\yuanx\C#\PCDeviceManage\PCDeviceManage\Monitor\DisplayContext.cs(85行)
2022-07-23 12:40:59,120 INFO  [35964-6] DisplayContext  EnumDisplayDevices() 获取到设备枚举信息 displayName:\\.\DISPLAY2  D:\yuanx\C#\PCDeviceManage\PCDeviceManage\Monitor\DisplayContext.cs(77行)
2022-07-23 12:40:59,122 INFO  [35964-6] DisplayContext  TryGetDisplayIndex() 获取到设备序号 displayIndex:2  D:\yuanx\C#\PCDeviceManage\PCDeviceManage\Monitor\DisplayContext.cs(85行)
2022-07-23 12:40:59,123 INFO  [35964-6] DisplayContext  EnumDisplayDevices() 获取到设备枚举信息 displayName:\\.\DISPLAY3  D:\yuanx\C#\PCDeviceManage\PCDeviceManage\Monitor\DisplayContext.cs(77行)
2022-07-23 12:40:59,124 INFO  [35964-6] DisplayContext  TryGetDisplayIndex() 获取到设备序号 displayIndex:3  D:\yuanx\C#\PCDeviceManage\PCDeviceManage\Monitor\DisplayContext.cs(85行)
2022-07-23 12:40:59,125 INFO  [35964-6] DisplayContext  EnumDisplayDevices() 获取到设备枚举信息 displayName:\\.\DISPLAY4  D:\yuanx\C#\PCDeviceManage\PCDeviceManage\Monitor\DisplayContext.cs(77行)
2022-07-23 12:40:59,126 INFO  [35964-6] DisplayContext  TryGetDisplayIndex() 获取到设备序号 displayIndex:4  D:\yuanx\C#\PCDeviceManage\PCDeviceManage\Monitor\DisplayContext.cs(85行)
2022-07-23 12:40:59,127 INFO  [35964-6] DisplayInfoGet  [{"DeviceInstanceId":"DISPLAY\\MSI3CA3\\5&14475071&0&UID4356","Description":"Generic PnP Monitor","DisplayIndex":1,"MonitorIndex":0}]  D:\yuanx\C#\PCDeviceManage\PCDeviceManage\Monitor\DisplayInfoGet.cs(52行)
2022-07-23 12:40:59,128 INFO  [35964-6] DisplayInfoGet  GetDisplayList()获取到显示器数量：1  D:\yuanx\C#\PCDeviceManage\PCDeviceManage\Monitor\DisplayInfoGet.cs(89行)
2022-07-23 12:41:02,439 INFO  [35964-25] DisplayManage  修改外屏亮度为：34  D:\yuanx\C#\PCDeviceManage\PCDeviceManage\Manage\DisplayManage.cs(40行)
2022-07-23 12:41:03,352 INFO  [35964-26] DisplayManage  修改外屏亮度为：56  D:\yuanx\C#\PCDeviceManage\PCDeviceManage\Manage\DisplayManage.cs(40行)
2022-07-23 12:41:11,772 INFO  [35964-26] DisplayManage  修改外屏亮度为：95  D:\yuanx\C#\PCDeviceManage\PCDeviceManage\Manage\DisplayManage.cs(40行)
2022-07-23 12:41:12,598 INFO  [35964-26] DisplayManage  修改外屏亮度为：35  D:\yuanx\C#\PCDeviceManage\PCDeviceManage\Manage\DisplayManage.cs(40行)
2022-07-23 12:41:16,712 INFO  [35964-26] DisplayManage  修改外屏亮度为：91  D:\yuanx\C#\PCDeviceManage\PCDeviceManage\Manage\DisplayManage.cs(40行)
2022-07-23 12:41:17,572 INFO  [35964-26] DisplayManage  修改外屏亮度为：37  D:\yuanx\C#\PCDeviceManage\PCDeviceManage\Manage\DisplayManage.cs(40行)
2022-07-23 12:41:18,496 INFO  [35964-26] DisplayManage  修改外屏亮度为：16  D:\yuanx\C#\PCDeviceManage\PCDeviceManage\Manage\DisplayManage.cs(40行)
2022-07-23 12:41:19,334 INFO  [35964-26] DisplayManage  修改外屏亮度为：86  D:\yuanx\C#\PCDeviceManage\PCDeviceManage\Manage\DisplayManage.cs(40行)
2022-07-23 12:41:20,168 INFO  [35964-26] DisplayManage  修改外屏亮度为：16  D:\yuanx\C#\PCDeviceManage\PCDeviceManage\Manage\DisplayManage.cs(40行)
2022-07-23 12:41:21,139 INFO  [35964-25] DisplayManage  修改外屏亮度为：88  D:\yuanx\C#\PCDeviceManage\PCDeviceManage\Manage\DisplayManage.cs(40行)
2022-07-23 12:41:40,106 INFO  [35964-6] DisplayManage  修改外屏亮度为：100  D:\yuanx\C#\PCDeviceManage\PCDeviceManage\Manage\DisplayManage.cs(40行)
2022-07-23 12:42:00,297 INFO  [35964-6] DisplayManage  修改外屏亮度为：40  D:\yuanx\C#\PCDeviceManage\PCDeviceManage\Manage\DisplayManage.cs(40行)
2022-07-23 12:42:03,984 INFO  [35964-32] DisplayManage  修改外屏亮度为：13  D:\yuanx\C#\PCDeviceManage\PCDeviceManage\Manage\DisplayManage.cs(40行)
2022-07-23 12:42:04,618 INFO  [35964-6] DisplayManage  修改外屏亮度为：61  D:\yuanx\C#\PCDeviceManage\PCDeviceManage\Manage\DisplayManage.cs(40行)
2022-07-23 12:42:05,479 INFO  [35964-6] DisplayManage  修改外屏亮度为：86  D:\yuanx\C#\PCDeviceManage\PCDeviceManage\Manage\DisplayManage.cs(40行)
2022-07-23 12:42:20,737 INFO  [35964-6] DisplayManage  修改外屏亮度为：43  D:\yuanx\C#\PCDeviceManage\PCDeviceManage\Manage\DisplayManage.cs(40行)
2022-07-23 12:42:21,597 INFO  [35964-6] DisplayManage  修改外屏亮度为：17  D:\yuanx\C#\PCDeviceManage\PCDeviceManage\Manage\DisplayManage.cs(40行)
2022-07-23 12:42:23,493 INFO  [35964-32] DisplayManage  修改外屏亮度为：89  D:\yuanx\C#\PCDeviceManage\PCDeviceManage\Manage\DisplayManage.cs(40行)
2022-07-23 12:42:26,188 INFO  [35964-32] DisplayManage  修改外屏亮度为：55  D:\yuanx\C#\PCDeviceManage\PCDeviceManage\Manage\DisplayManage.cs(40行)
2022-07-23 12:42:27,027 INFO  [35964-6] DisplayManage  修改外屏亮度为：22  D:\yuanx\C#\PCDeviceManage\PCDeviceManage\Manage\DisplayManage.cs(40行)
2022-07-23 12:43:18,690 INFO  [35964-29] DisplayManage  修改外屏亮度为：66  D:\yuanx\C#\PCDeviceManage\PCDeviceManage\Manage\DisplayManage.cs(40行)
2022-07-23 12:44:22,127 INFO  [35964-6] DisplayInfo  DisplayInformation.GetDisplayMonitorsAsync() 获取到设备数量：2  D:\yuanx\C#\PCDeviceManage\PCDeviceManage\Monitor\DisplayInfo.cs(63行)
2022-07-23 12:44:22,128 INFO  [35964-6] DisplayInfo  [{"DeviceInstanceId":"DISPLAY\\MSI3CA3\\5&14475071&0&UID4356","DisplayName":"MSI PAG271CQR","IsInternal":false,"ConnectionDescription":"HDMI","PhysicalSize":26.9708023},{"DeviceInstanceId":"DISPLAY\\CSO1609\\5&14475071&0&UID4357","DisplayName":"","IsInternal":true,"ConnectionDescription":"Internal","PhysicalSize":16.0043125}]  D:\yuanx\C#\PCDeviceManage\PCDeviceManage\Monitor\DisplayInfo.cs(65行)
2022-07-23 12:44:22,129 INFO  [35964-6] DisplayInfoGet   DisplayInfo.GetDisplayMonitorsAsync()获取到显示器数量：2  D:\yuanx\C#\PCDeviceManage\PCDeviceManage\Monitor\DisplayInfoGet.cs(48行)
2022-07-23 12:44:22,129 INFO  [35964-6] DisplayContext  EnumerateDevices() 开始获取显示器枚举信息  D:\yuanx\C#\PCDeviceManage\PCDeviceManage\Monitor\DisplayContext.cs(73行)
2022-07-23 12:44:22,130 INFO  [35964-6] DisplayContext  EnumDisplayDevices() 获取到设备枚举信息 displayName:\\.\DISPLAY1  D:\yuanx\C#\PCDeviceManage\PCDeviceManage\Monitor\DisplayContext.cs(77行)
2022-07-23 12:44:22,131 INFO  [35964-6] DisplayContext  TryGetDisplayIndex() 获取到设备序号 displayIndex:1  D:\yuanx\C#\PCDeviceManage\PCDeviceManage\Monitor\DisplayContext.cs(85行)
2022-07-23 12:44:22,132 INFO  [35964-6] DisplayContext  EnumDisplayDevices() 获取到设备枚举信息 displayName:\\.\DISPLAY2  D:\yuanx\C#\PCDeviceManage\PCDeviceManage\Monitor\DisplayContext.cs(77行)
2022-07-23 12:44:22,133 INFO  [35964-6] DisplayContext  TryGetDisplayIndex() 获取到设备序号 displayIndex:2  D:\yuanx\C#\PCDeviceManage\PCDeviceManage\Monitor\DisplayContext.cs(85行)
2022-07-23 12:44:22,135 INFO  [35964-6] DisplayContext  EnumDisplayDevices() 获取到设备枚举信息 displayName:\\.\DISPLAY3  D:\yuanx\C#\PCDeviceManage\PCDeviceManage\Monitor\DisplayContext.cs(77行)
2022-07-23 12:44:22,135 INFO  [35964-6] DisplayContext  TryGetDisplayIndex() 获取到设备序号 displayIndex:3  D:\yuanx\C#\PCDeviceManage\PCDeviceManage\Monitor\DisplayContext.cs(85行)
2022-07-23 12:44:22,136 INFO  [35964-6] DisplayContext  EnumDisplayDevices() 获取到设备枚举信息 displayName:\\.\DISPLAY4  D:\yuanx\C#\PCDeviceManage\PCDeviceManage\Monitor\DisplayContext.cs(77行)
2022-07-23 12:44:22,137 INFO  [35964-6] DisplayContext  TryGetDisplayIndex() 获取到设备序号 displayIndex:4  D:\yuanx\C#\PCDeviceManage\PCDeviceManage\Monitor\DisplayContext.cs(85行)
2022-07-23 12:44:22,138 INFO  [35964-6] DisplayInfoGet  [{"DeviceInstanceId":"DISPLAY\\MSI3CA3\\5&14475071&0&UID4356","Description":"Generic PnP Monitor","DisplayIndex":1,"MonitorIndex":0}]  D:\yuanx\C#\PCDeviceManage\PCDeviceManage\Monitor\DisplayInfoGet.cs(52行)
2022-07-23 12:44:22,138 INFO  [35964-6] DisplayInfoGet  GetDisplayList()获取到显示器数量：1  D:\yuanx\C#\PCDeviceManage\PCDeviceManage\Monitor\DisplayInfoGet.cs(89行)
